2021-02-08 13:35:55.973  INFO 35132 --- [main] o.s.boot.SpringApplication               : 
  .   ____          _            __ _ _
 /\\ / ___'_ __ _ _(_)_ __  __ _ \ \ \ \
( ( )\___ | '_ | '_| | '_ \/ _` | \ \ \ \
 \\/  ___)| |_)| | | | | || (_| |  ) ) ) )
  '  |____| .__|_| |_|_| |_\__, | / / / /
 =========|_|==============|___/=/_/_/_/
 :: Spring Boot ::        (v2.0.3.RELEASE)


2021-02-08 13:35:56.447  INFO 35132 --- [main] com.tfkable.karty.ReklamacjeApplication  : Starting ReklamacjeApplication on jaroszp with PID 35132 (D:\TF_GIT_WORKSPACES\workspaceReklamacje\reklamacje\target\classes started by pawel.jarosz in D:\TF_GIT_WORKSPACES\workspaceReklamacje\reklamacje)
2021-02-08 13:35:56.449  INFO 35132 --- [main] com.tfkable.karty.ReklamacjeApplication  : No active profile set, falling back to default profiles: default
2021-02-08 13:35:56.649  INFO 35132 --- [main] ConfigServletWebServerApplicationContext : Refreshing org.springframework.boot.web.servlet.context.AnnotationConfigServletWebServerApplicationContext@223d2c72: startup date [Mon Feb 08 13:35:56 CET 2021]; root of context hierarchy
2021-02-08 13:36:04.588  INFO 35132 --- [main] trationDelegate$BeanPostProcessorChecker : Bean 'org.springframework.security.config.annotation.configuration.ObjectPostProcessorConfiguration' of type [org.springframework.security.config.annotation.configuration.ObjectPostProcessorConfiguration$$EnhancerBySpringCGLIB$$671d3864] is not eligible for getting processed by all BeanPostProcessors (for example: not eligible for auto-proxying)
2021-02-08 13:36:04.643  INFO 35132 --- [main] trationDelegate$BeanPostProcessorChecker : Bean 'objectPostProcessor' of type [org.springframework.security.config.annotation.configuration.AutowireBeanFactoryObjectPostProcessor] is not eligible for getting processed by all BeanPostProcessors (for example: not eligible for auto-proxying)
2021-02-08 13:36:04.652  INFO 35132 --- [main] trationDelegate$BeanPostProcessorChecker : Bean 'org.springframework.security.access.expression.method.DefaultMethodSecurityExpressionHandler@dffa30b' of type [org.springframework.security.access.expression.method.DefaultMethodSecurityExpressionHandler] is not eligible for getting processed by all BeanPostProcessors (for example: not eligible for auto-proxying)
2021-02-08 13:36:04.726  INFO 35132 --- [main] trationDelegate$BeanPostProcessorChecker : Bean 'org.springframework.security.config.annotation.method.configuration.GlobalMethodSecurityConfiguration' of type [org.springframework.security.config.annotation.method.configuration.GlobalMethodSecurityConfiguration$$EnhancerBySpringCGLIB$$8bf1db16] is not eligible for getting processed by all BeanPostProcessors (for example: not eligible for auto-proxying)
2021-02-08 13:36:04.826  INFO 35132 --- [main] trationDelegate$BeanPostProcessorChecker : Bean 'methodSecurityMetadataSource' of type [org.springframework.security.access.method.DelegatingMethodSecurityMetadataSource] is not eligible for getting processed by all BeanPostProcessors (for example: not eligible for auto-proxying)
2021-02-08 13:36:04.922  INFO 35132 --- [main] trationDelegate$BeanPostProcessorChecker : Bean 'org.springframework.transaction.annotation.ProxyTransactionManagementConfiguration' of type [org.springframework.transaction.annotation.ProxyTransactionManagementConfiguration$$EnhancerBySpringCGLIB$$ce6f702a] is not eligible for getting processed by all BeanPostProcessors (for example: not eligible for auto-proxying)
2021-02-08 13:36:06.861  INFO 35132 --- [main] o.s.b.w.embedded.tomcat.TomcatWebServer  : Tomcat initialized with port(s): 8075 (http)
2021-02-08 13:36:06.945  INFO 35132 --- [main] o.apache.catalina.core.StandardService   : Starting service [Tomcat]
2021-02-08 13:36:06.945  INFO 35132 --- [main] org.apache.catalina.core.StandardEngine  : Starting Servlet Engine: Apache Tomcat/8.5.31
2021-02-08 13:36:07.050  INFO 35132 --- [localhost-startStop-1] o.a.catalina.core.AprLifecycleListener   : The APR based Apache Tomcat Native library which allows optimal performance in production environments was not found on the java.library.path: [C:\Program Files\Java\jre1.8.0_111\bin;C:\windows\Sun\Java\bin;C:\windows\system32;C:\windows;C:/Program Files/Java/jre1.8.0_111/bin/server;C:/Program Files/Java/jre1.8.0_111/bin;C:/Program Files/Java/jre1.8.0_111/lib/amd64;C:\ProgramData\Oracle\Java\javapath;C:\Program Files (x86)\RSA SecurID Token Common;C:\windows\system32;C:\windows;C:\windows\System32\Wbem;C:\windows\System32\WindowsPowerShell\v1.0\;C:\Program Files\TortoiseSVN\bin;C:\Program Files (x86)\Subversion\bin;C:\apache-ant-1.9.6;C:\apache-maven-3.3.9\bin;c:\php;C:\Program Files\nodejs\;C:\SAPJCo\sapjco30P_14-10005326;C:\Program Files\Git\cmd;C:\Program Files\TortoiseGit\bin;C:\Program Files\dotnet\;C:\Users\pawel.jarosz\AppData\Local\atom\bin;C:\Users\pawel.jarosz\AppData\Roaming\npm;C:\Gradle\gradle-4.4.1\bin;C:\STS\sts-bundle\sts-3.7.2.RELEASE;;.]
2021-02-08 13:36:07.591  INFO 35132 --- [localhost-startStop-1] o.a.c.c.C.[Tomcat].[localhost].[/]       : Initializing Spring embedded WebApplicationContext
2021-02-08 13:36:07.591  INFO 35132 --- [localhost-startStop-1] o.s.web.context.ContextLoader            : Root WebApplicationContext: initialization completed in 10942 ms
2021-02-08 13:36:09.314  INFO 35132 --- [localhost-startStop-1] com.zaxxer.hikari.HikariDataSource       : HikariPool-1 - Starting...
2021-02-08 13:36:11.298  INFO 35132 --- [localhost-startStop-1] com.zaxxer.hikari.HikariDataSource       : HikariPool-1 - Start completed.
2021-02-08 13:36:11.550  INFO 35132 --- [localhost-startStop-1] j.LocalContainerEntityManagerFactoryBean : Building JPA container EntityManagerFactory for persistence unit 'default'
2021-02-08 13:36:11.578  INFO 35132 --- [localhost-startStop-1] o.hibernate.jpa.internal.util.LogHelper  : HHH000204: Processing PersistenceUnitInfo [
	name: default
	...]
2021-02-08 13:36:11.733  INFO 35132 --- [localhost-startStop-1] org.hibernate.Version                    : HHH000412: Hibernate Core {5.2.17.Final}
2021-02-08 13:36:11.736  INFO 35132 --- [localhost-startStop-1] org.hibernate.cfg.Environment            : HHH000206: hibernate.properties not found
2021-02-08 13:36:11.808  INFO 35132 --- [localhost-startStop-1] o.hibernate.annotations.common.Version   : HCANN000001: Hibernate Commons Annotations {5.0.1.Final}
2021-02-08 13:36:12.663  INFO 35132 --- [localhost-startStop-1] org.hibernate.dialect.Dialect            : HHH000400: Using dialect: org.hibernate.dialect.PostgreSQLDialect
2021-02-08 13:36:34.118  INFO 35132 --- [localhost-startStop-1] o.h.e.j.e.i.LobCreatorBuilderImpl        : HHH000421: Disabling contextual LOB creation as hibernate.jdbc.lob.non_contextual_creation is true
2021-02-08 13:36:34.122  INFO 35132 --- [localhost-startStop-1] org.hibernate.type.BasicTypeRegistry     : HHH000270: Type registration [java.util.UUID] overrides previous : org.hibernate.type.UUIDBinaryType@19c3dfc4
2021-02-08 13:36:40.522  INFO 35132 --- [localhost-startStop-1] j.LocalContainerEntityManagerFactoryBean : Initialized JPA EntityManagerFactory for persistence unit 'default'
2021-02-08 13:36:43.071  INFO 35132 --- [localhost-startStop-1] o.s.b.w.servlet.FilterRegistrationBean   : Mapping filter: 'characterEncodingFilter' to: [/*]
2021-02-08 13:36:43.072  INFO 35132 --- [localhost-startStop-1] o.s.b.w.servlet.FilterRegistrationBean   : Mapping filter: 'hiddenHttpMethodFilter' to: [/*]
2021-02-08 13:36:43.086  INFO 35132 --- [localhost-startStop-1] o.s.b.w.servlet.FilterRegistrationBean   : Mapping filter: 'httpPutFormContentFilter' to: [/*]
2021-02-08 13:36:43.086  INFO 35132 --- [localhost-startStop-1] o.s.b.w.servlet.FilterRegistrationBean   : Mapping filter: 'requestContextFilter' to: [/*]
2021-02-08 13:36:43.088  INFO 35132 --- [localhost-startStop-1] .s.DelegatingFilterProxyRegistrationBean : Mapping filter: 'springSecurityFilterChain' to: [/*]
2021-02-08 13:36:43.089  INFO 35132 --- [localhost-startStop-1] o.s.b.w.servlet.ServletRegistrationBean  : Servlet dispatcherServlet mapped to [/]
2021-02-08 13:36:43.275  INFO 35132 --- [main] o.s.jdbc.datasource.init.ScriptUtils     : Executing SQL script from URL [file:/D:/TF_GIT_WORKSPACES/workspaceReklamacje/reklamacje/target/classes/data.sql]
2021-02-08 13:36:43.276  INFO 35132 --- [main] o.s.jdbc.datasource.init.ScriptUtils     : Executed SQL script from URL [file:/D:/TF_GIT_WORKSPACES/workspaceReklamacje/reklamacje/target/classes/data.sql] in 1 ms.
2021-02-08 13:36:45.852  INFO 35132 --- [main] o.h.h.i.QueryTranslatorFactoryInitiator  : HHH000397: Using ASTQueryTranslatorFactory
2021-02-08 13:36:46.863  INFO 35132 --- [main] o.s.w.s.handler.SimpleUrlHandlerMapping  : Mapped URL path [/**/favicon.ico] onto handler of type [class org.springframework.web.servlet.resource.ResourceHttpRequestHandler]
2021-02-08 13:36:46.897  WARN 35132 --- [main] aWebConfiguration$JpaWebMvcConfiguration : spring.jpa.open-in-view is enabled by default. Therefore, database queries may be performed during view rendering. Explicitly configure spring.jpa.open-in-view to disable this warning
2021-02-08 13:36:47.091  INFO 35132 --- [main] s.w.s.m.m.a.RequestMappingHandlerMapping : Mapped "{[/usunreklamacje/{id}]}" onto public java.lang.String com.tfkable.karty.controllers.AdminBackdoorController.usunReklamacje(java.lang.Long)
2021-02-08 13:36:47.098  INFO 35132 --- [main] s.w.s.m.m.a.RequestMappingHandlerMapping : Mapped "{[/download/raport2],methods=[GET]}" onto public org.springframework.http.ResponseEntity<byte[]> com.tfkable.karty.controllers.ExcelController.downloadRaport2() throws java.lang.Exception
2021-02-08 13:36:47.099  INFO 35132 --- [main] s.w.s.m.m.a.RequestMappingHandlerMapping : Mapped "{[/download/raport1],methods=[GET]}" onto public org.springframework.http.ResponseEntity<byte[]> com.tfkable.karty.controllers.ExcelController.downloadRaport1() throws java.lang.Exception
2021-02-08 13:36:47.100  INFO 35132 --- [main] s.w.s.m.m.a.RequestMappingHandlerMapping : Mapped "{[/getKlienci]}" onto public java.util.List<com.tfkable.karty.dtos.KlientDTO> com.tfkable.karty.controllers.KlientController.getKlienci()
2021-02-08 13:36:47.101  INFO 35132 --- [main] s.w.s.m.m.a.RequestMappingHandlerMapping : Mapped "{[/klienci]}" onto public java.lang.String com.tfkable.karty.controllers.KlientController.klienci()
2021-02-08 13:36:47.105  INFO 35132 --- [main] s.w.s.m.m.a.RequestMappingHandlerMapping : Mapped "{[/pobierzWyrobyKorygowane/{reklamacjaId}],methods=[GET]}" onto public com.tfkable.karty.dtos.KontenerWyrobKorygowanyDTO com.tfkable.karty.controllers.KorektaController.pobierzWyrobyKorygowane(java.lang.Long) throws java.net.UnknownHostException
2021-02-08 13:36:47.107  INFO 35132 --- [main] s.w.s.m.m.a.RequestMappingHandlerMapping : Mapped "{[/zapiszKorekte/{reklamacjaId}],methods=[POST]}" onto public com.tfkable.karty.dtos.KontenerWyrobKorygowanyDTO com.tfkable.karty.controllers.KorektaController.zapiszKorekte(java.util.List<com.tfkable.karty.dtos.WyrobKorygowanyDTO>,java.lang.Long) throws java.net.UnknownHostException
2021-02-08 13:36:47.108  INFO 35132 --- [main] s.w.s.m.m.a.RequestMappingHandlerMapping : Mapped "{[/usunKorekte/{korektaId}],methods=[DELETE]}" onto public com.tfkable.karty.dtos.KontenerWyrobKorygowanyDTO com.tfkable.karty.controllers.KorektaController.usunKorekte(java.lang.Long) throws java.net.UnknownHostException
2021-02-08 13:36:47.114  INFO 35132 --- [main] s.w.s.m.m.a.RequestMappingHandlerMapping : Mapped "{[/zapiszIlosciUznane],methods=[POST]}" onto public com.tfkable.karty.dtos.KosztySumaDTO com.tfkable.karty.controllers.KosztyController.zapiszIlosciUznane(java.util.List<java.lang.String>)
2021-02-08 13:36:47.116  INFO 35132 --- [main] s.w.s.m.m.a.RequestMappingHandlerMapping : Mapped "{[/zapiszIlosciUznanePartii],methods=[POST]}" onto public com.tfkable.karty.dtos.KosztySumaDTO com.tfkable.karty.controllers.KosztyController.zapiszIlosciUznanePartii(java.util.List<java.lang.String>)
2021-02-08 13:36:47.124  INFO 35132 --- [main] s.w.s.m.m.a.RequestMappingHandlerMapping : Mapped "{[/zapiszDodatkoweKoszty/{reklamacjaId}],methods=[POST]}" onto public java.lang.String com.tfkable.karty.controllers.KosztyController.zapiszDodatkoweKoszty(java.util.List<com.tfkable.karty.dtos.DodatkowyKosztDTO>,java.lang.Long)
2021-02-08 13:36:47.127  INFO 35132 --- [main] s.w.s.m.m.a.RequestMappingHandlerMapping : Mapped "{[/pobierzKosztySumaDTO/{reklamacjaId}]}" onto public com.tfkable.karty.dtos.KosztySumaDTO com.tfkable.karty.controllers.KosztyController.pobierzKosztySumaDTO(java.lang.Long,org.springframework.ui.Model)
2021-02-08 13:36:47.129  INFO 35132 --- [main] s.w.s.m.m.a.RequestMappingHandlerMapping : Mapped "{[/getSumaWszystkichKosztow/{reklamacjaId}]}" onto public com.tfkable.karty.dtos.SumaWszystkichKosztowDTO com.tfkable.karty.controllers.KosztyController.getSumaWszystkichKosztow(java.lang.Long)
2021-02-08 13:36:47.130  INFO 35132 --- [main] s.w.s.m.m.a.RequestMappingHandlerMapping : Mapped "{[/getReklamowaneKoszty/{wniosekId}]}" onto public java.util.Map<java.lang.String, com.tfkable.karty.dtos.WyrobDTO> com.tfkable.karty.controllers.KosztyController.getReklamowaneKoszty(java.lang.Long,org.springframework.ui.Model)
2021-02-08 13:36:47.131  INFO 35132 --- [main] s.w.s.m.m.a.RequestMappingHandlerMapping : Mapped "{[/getDodatkoweKoszty/{kosztyId}]}" onto public java.util.Map<java.lang.String, com.tfkable.karty.dtos.DodatkowyKosztDTO> com.tfkable.karty.controllers.KosztyController.getDodatkoweKoszty(java.lang.Long)
2021-02-08 13:36:47.133  INFO 35132 --- [main] s.w.s.m.m.a.RequestMappingHandlerMapping : Mapped "{[/pobierzDodatoweKosztySumaDTO/{reklamacjaId}]}" onto public com.tfkable.karty.dtos.DodatkoweKosztySumaDTO com.tfkable.karty.controllers.KosztyController.pobierzDodatoweKosztySumaDTO(java.lang.Long)
2021-02-08 13:36:47.134  INFO 35132 --- [main] s.w.s.m.m.a.RequestMappingHandlerMapping : Mapped "{[/rozlicz/{reklamacjaId}],methods=[POST]}" onto public java.time.LocalDate com.tfkable.karty.controllers.KosztyController.rozlicz(java.lang.Long)
2021-02-08 13:36:47.136  INFO 35132 --- [main] s.w.s.m.m.a.RequestMappingHandlerMapping : Mapped "{[/uznaj/{reklamacjaId}],methods=[POST]}" onto public java.time.LocalDate com.tfkable.karty.controllers.KosztyController.uznaj(java.lang.Long)
2021-02-08 13:36:47.137  INFO 35132 --- [main] s.w.s.m.m.a.RequestMappingHandlerMapping : Mapped "{[/edytujKoszty]}" onto public java.lang.String com.tfkable.karty.controllers.KosztyController.edytujKoszty(java.lang.Long,org.springframework.ui.Model)
2021-02-08 13:36:47.138  INFO 35132 --- [main] s.w.s.m.m.a.RequestMappingHandlerMapping : Mapped "{[/usunDK/{dkid}]}" onto public java.lang.String com.tfkable.karty.controllers.KosztyController.usunDK(java.lang.Long)
2021-02-08 13:36:47.144  INFO 35132 --- [main] s.w.s.m.m.a.RequestMappingHandlerMapping : Mapped "{[/zapiszPliki],methods=[POST]}" onto public java.lang.String com.tfkable.karty.controllers.PlikiController.zapiszPliki(com.tfkable.karty.dtos.PlikDTO,org.springframework.web.multipart.MultipartFile[])
2021-02-08 13:36:47.146  INFO 35132 --- [main] s.w.s.m.m.a.RequestMappingHandlerMapping : Mapped "{[/getPliki/{id}]}" onto public java.util.List<com.tfkable.karty.dtos.PlikDTO> com.tfkable.karty.controllers.PlikiController.getPliki(java.lang.Long)
2021-02-08 13:36:47.146  INFO 35132 --- [main] s.w.s.m.m.a.RequestMappingHandlerMapping : Mapped "{[/download/{id}],methods=[GET]}" onto public org.springframework.http.ResponseEntity<byte[]> com.tfkable.karty.controllers.PlikiController.downloadFile(java.lang.Long) throws java.lang.Exception
2021-02-08 13:36:47.149  INFO 35132 --- [main] s.w.s.m.m.a.RequestMappingHandlerMapping : Mapped "{[/priorytety],methods=[GET]}" onto public org.springframework.http.ResponseEntity<byte[]> com.tfkable.karty.controllers.PlikiController.priorytety() throws java.lang.Exception
2021-02-08 13:36:47.150  INFO 35132 --- [main] s.w.s.m.m.a.RequestMappingHandlerMapping : Mapped "{[/delete/{id}]}" onto public java.lang.String com.tfkable.karty.controllers.PlikiController.deleteFile(java.lang.Long)
2021-02-08 13:36:47.153  INFO 35132 --- [main] s.w.s.m.m.a.RequestMappingHandlerMapping : Mapped "{[/getDaneDoPowiadomieniaOpostpowaniu/{postepowanieId}]}" onto public com.tfkable.karty.dtos.PowiadomienieDTO com.tfkable.karty.controllers.PostepowanieController.getDaneDoPowiadomieniaOpostpowaniu(java.lang.Long,org.springframework.ui.Model)
2021-02-08 13:36:47.154  INFO 35132 --- [main] s.w.s.m.m.a.RequestMappingHandlerMapping : Mapped "{[/download/postepowanie/{postepowanieId}],methods=[GET]}" onto public org.springframework.http.ResponseEntity<byte[]> com.tfkable.karty.controllers.PostepowanieController.getDownloadDataAll(java.lang.Long) throws java.lang.Exception
2021-02-08 13:36:47.161  INFO 35132 --- [main] s.w.s.m.m.a.RequestMappingHandlerMapping : Mapped "{[/rozpocznijPostepowanie]}" onto public java.lang.String com.tfkable.karty.controllers.PostepowanieController.rozpocznijPostepowanie(java.lang.Long,com.tfkable.karty.dtos.PostepowanieDTO,org.springframework.ui.Model)
2021-02-08 13:36:47.167  INFO 35132 --- [main] s.w.s.m.m.a.RequestMappingHandlerMapping : Mapped "{[/edytujPostepowanie]}" onto public java.lang.String com.tfkable.karty.controllers.PostepowanieController.edytujPostepowanie(java.lang.Long,org.springframework.ui.Model)
2021-02-08 13:36:47.170  INFO 35132 --- [main] s.w.s.m.m.a.RequestMappingHandlerMapping : Mapped "{[/wyslijPowiadomienieOpostpowaniu],methods=[POST]}" onto public java.lang.String com.tfkable.karty.controllers.PostepowanieController.wyslijPowiadomienieOpostpowaniu(com.tfkable.karty.dtos.WiadomoscDTO,org.springframework.ui.Model)
2021-02-08 13:36:47.171  INFO 35132 --- [main] s.w.s.m.m.a.RequestMappingHandlerMapping : Mapped "{[/zapiszPostepowanie],methods=[POST]}" onto public java.lang.Long com.tfkable.karty.controllers.PostepowanieController.zapiszPostepowanie(com.tfkable.karty.dtos.PostepowanieDTO,org.springframework.ui.Model)
2021-02-08 13:36:47.173  INFO 35132 --- [main] s.w.s.m.m.a.RequestMappingHandlerMapping : Mapped "{[/getPostepowania/{reklamacjaId}]}" onto public java.util.List<com.tfkable.karty.dtos.PostepowanieDTO> com.tfkable.karty.controllers.PostepowanieController.getPostepowania(java.lang.Long,org.springframework.ui.Model)
2021-02-08 13:36:47.175  INFO 35132 --- [main] s.w.s.m.m.a.RequestMappingHandlerMapping : Mapped "{[/usunPostepowanie/{postepowanieId}]}" onto public java.lang.String com.tfkable.karty.controllers.PostepowanieController.usunPostepowanie(java.lang.Long)
2021-02-08 13:36:47.176  INFO 35132 --- [main] s.w.s.m.m.a.RequestMappingHandlerMapping : Mapped "{[/getPostepowanie/{postepowanieId}]}" onto public com.tfkable.karty.dtos.PostepowanieDTO com.tfkable.karty.controllers.PostepowanieController.getPostepowanie(java.lang.Long,org.springframework.ui.Model)
2021-02-08 13:36:47.178  INFO 35132 --- [main] s.w.s.m.m.a.RequestMappingHandlerMapping : Mapped "{[/download/raport/{raportId}],methods=[GET]}" onto public org.springframework.http.ResponseEntity<byte[]> com.tfkable.karty.controllers.RaportController.getDownloadDataAll(java.lang.Long) throws java.lang.Exception
2021-02-08 13:36:47.180  INFO 35132 --- [main] s.w.s.m.m.a.RequestMappingHandlerMapping : Mapped "{[/zapiszRaport],methods=[POST]}" onto public java.lang.Long com.tfkable.karty.controllers.RaportController.zapiszRaport(com.tfkable.karty.dtos.RaportDTO,org.springframework.ui.Model)
2021-02-08 13:36:47.181  INFO 35132 --- [main] s.w.s.m.m.a.RequestMappingHandlerMapping : Mapped "{[/edytujRaport]}" onto public java.lang.String com.tfkable.karty.controllers.RaportController.edytujRaport(java.lang.Long,org.springframework.ui.Model)
2021-02-08 13:36:47.181  INFO 35132 --- [main] s.w.s.m.m.a.RequestMappingHandlerMapping : Mapped "{[/usunRaport/{raportId}]}" onto public java.lang.String com.tfkable.karty.controllers.RaportController.usunRaport(java.lang.Long)
2021-02-08 13:36:47.182  INFO 35132 --- [main] s.w.s.m.m.a.RequestMappingHandlerMapping : Mapped "{[/zatwierdzraport/{raportId}]}" onto public java.lang.String com.tfkable.karty.controllers.RaportController.zatwierdzRaport(java.lang.Long)
2021-02-08 13:36:47.183  INFO 35132 --- [main] s.w.s.m.m.a.RequestMappingHandlerMapping : Mapped "{[/getRaporty/{reklamacjaId}]}" onto public java.util.List<com.tfkable.karty.dtos.RaportDTO> com.tfkable.karty.controllers.RaportController.getRaporty(java.lang.Long,org.springframework.ui.Model)
2021-02-08 13:36:47.184  INFO 35132 --- [main] s.w.s.m.m.a.RequestMappingHandlerMapping : Mapped "{[/getRaport/{raportId}]}" onto public com.tfkable.karty.dtos.RaportDTO com.tfkable.karty.controllers.RaportController.getRaport(java.lang.Long,org.springframework.ui.Model)
2021-02-08 13:36:47.187  INFO 35132 --- [main] s.w.s.m.m.a.RequestMappingHandlerMapping : Mapped "{[/index]}" onto public java.lang.String com.tfkable.karty.controllers.ReklamacjaController.index()
2021-02-08 13:36:47.187  INFO 35132 --- [main] s.w.s.m.m.a.RequestMappingHandlerMapping : Mapped "{[/]}" onto public java.lang.String com.tfkable.karty.controllers.ReklamacjaController.root()
2021-02-08 13:36:47.189  INFO 35132 --- [main] s.w.s.m.m.a.RequestMappingHandlerMapping : Mapped "{[/reklamacja/{reklamacjaId}]}" onto public java.lang.String com.tfkable.karty.controllers.ReklamacjaController.reklamacja(java.lang.Long,org.springframework.ui.Model,org.springframework.security.core.Authentication)
2021-02-08 13:36:47.194  INFO 35132 --- [main] s.w.s.m.m.a.RequestMappingHandlerMapping : Mapped "{[/reklamacje]}" onto public java.lang.String com.tfkable.karty.controllers.ReklamacjaController.reklamacje()
2021-02-08 13:36:47.197  INFO 35132 --- [main] s.w.s.m.m.a.RequestMappingHandlerMapping : Mapped "{[/wyszukaj]}" onto public com.tfkable.karty.dtos.ReklamacjaDTOContainer com.tfkable.karty.controllers.ReklamacjaController.wyszukaj(java.lang.Boolean,java.lang.Boolean,java.lang.Boolean,java.lang.Boolean,java.lang.Boolean,java.lang.Boolean,java.lang.Boolean,java.lang.Boolean,java.lang.Boolean,java.lang.Boolean,java.lang.Boolean,java.lang.Boolean,java.lang.Boolean)
2021-02-08 13:36:47.198  INFO 35132 --- [main] s.w.s.m.m.a.RequestMappingHandlerMapping : Mapped "{[/getReklamacje]}" onto public com.tfkable.karty.dtos.ReklamacjaDTOContainer com.tfkable.karty.controllers.ReklamacjaController.getReklamacje()
2021-02-08 13:36:47.199  INFO 35132 --- [main] s.w.s.m.m.a.RequestMappingHandlerMapping : Mapped "{[/fixwaga]}" onto public java.lang.String com.tfkable.karty.controllers.sap.FixWagaController.pobierzKosztySumaDTO(org.springframework.ui.Model)
2021-02-08 13:36:47.207  INFO 35132 --- [main] s.w.s.m.m.a.RequestMappingHandlerMapping : Mapped "{[/zwrotutworzony],methods=[POST]}" onto private javax.servlet.http.HttpServletResponse com.tfkable.karty.controllers.sap.PowiadomieniaSapController.odbierzPowiadomienieZwrot(com.tfkable.karty.dtos.ZwrotUtworzonyDTO,java.lang.String,javax.servlet.http.HttpServletResponse)
2021-02-08 13:36:47.209  INFO 35132 --- [main] s.w.s.m.m.a.RequestMappingHandlerMapping : Mapped "{[/korektautworzona],methods=[POST]}" onto private void com.tfkable.karty.controllers.sap.PowiadomieniaSapController.odbierzPowiadomienieKorekta()
2021-02-08 13:36:47.210  INFO 35132 --- [main] s.w.s.m.m.a.RequestMappingHandlerMapping : Mapped "{[/pobierzKorekteSAP/{numerFK}]}" onto public com.tfkable.karty.dtos.KorektaDTO com.tfkable.karty.controllers.sap.SapController.pobierzKorekteSAP(java.lang.String,org.springframework.ui.Model) throws java.net.UnknownHostException
2021-02-08 13:36:47.211  INFO 35132 --- [main] s.w.s.m.m.a.RequestMappingHandlerMapping : Mapped "{[/poberzDaneSAP]}" onto public com.tfkable.karty.dtos.WuzetkaDTO com.tfkable.karty.controllers.sap.SapController.poberzFaktureSAP(java.lang.String,org.springframework.ui.Model) throws java.net.UnknownHostException
2021-02-08 13:36:47.216  INFO 35132 --- [main] s.w.s.m.m.a.RequestMappingHandlerMapping : Mapped "{[/pobierzPartieRozliczeniowe/{reklamacjaId}]}" onto public java.util.Map<java.lang.Long, com.tfkable.karty.dtos.PartiaDTO> com.tfkable.karty.controllers.sap.SapPostepowanieRozliczenioweController.pobierzPartieRozliczeniowe(java.lang.Long)
2021-02-08 13:36:47.218  INFO 35132 --- [main] s.w.s.m.m.a.RequestMappingHandlerMapping : Mapped "{[/numerKorekty/{numerZadaniaKorekty}]}" onto public java.lang.String com.tfkable.karty.controllers.sap.SapZadanieKorektyController.pobierzNumerKorektyZSAP(org.springframework.ui.Model,java.lang.Long) throws java.net.UnknownHostException
2021-02-08 13:36:47.219  INFO 35132 --- [main] s.w.s.m.m.a.RequestMappingHandlerMapping : Mapped "{[/zadajKorekty/{reklamacjaId}],methods=[POST]}" onto public java.lang.Boolean com.tfkable.karty.controllers.sap.SapZadanieKorektyController.zadajKorfekty(java.lang.Long,java.util.List<com.tfkable.karty.dtos.PartiaDTO>)
2021-02-08 13:36:47.221  INFO 35132 --- [main] s.w.s.m.m.a.RequestMappingHandlerMapping : Mapped "{[/statusyDostaw/{numerReklamacjiRoczny}]}" onto public java.util.List<com.tfkable.karty.dtos.PartiaDTO> com.tfkable.karty.controllers.sap.ZwrotSapController.sprawdzStatusDostawy(org.springframework.ui.Model,java.lang.Long) throws java.net.UnknownHostException
2021-02-08 13:36:47.222  INFO 35132 --- [main] s.w.s.m.m.a.RequestMappingHandlerMapping : Mapped "{[/zadajZwrotu],methods=[POST]}" onto public com.tfkable.karty.dtos.MailDTO com.tfkable.karty.controllers.sap.ZwrotSapController.zadajZwrotu(java.util.List<com.tfkable.karty.dtos.PartiaDTO>)
2021-02-08 13:36:47.228  INFO 35132 --- [main] s.w.s.m.m.a.RequestMappingHandlerMapping : Mapped "{[/importusers]}" onto public java.lang.String com.tfkable.karty.controllers.UserImportController.importUsers()
2021-02-08 13:36:47.231  INFO 35132 --- [main] s.w.s.m.m.a.RequestMappingHandlerMapping : Mapped "{[/getUsers]}" onto public com.tfkable.karty.dtos.UsersContainer com.tfkable.karty.controllers.UsersController.findAll()
2021-02-08 13:36:47.233  INFO 35132 --- [main] s.w.s.m.m.a.RequestMappingHandlerMapping : Mapped "{[/getloged]}" onto public java.util.List<java.lang.String> com.tfkable.karty.controllers.UsersController.listLoggedInUsers()
2021-02-08 13:36:47.233  INFO 35132 --- [main] s.w.s.m.m.a.RequestMappingHandlerMapping : Mapped "{[/users]}" onto public java.lang.String com.tfkable.karty.controllers.UsersController.users()
2021-02-08 13:36:47.234  INFO 35132 --- [main] s.w.s.m.m.a.RequestMappingHandlerMapping : Mapped "{[/user/{id}]}" onto public java.lang.String com.tfkable.karty.controllers.UsersController.showUserDetails(java.lang.Long,org.springframework.ui.Model)
2021-02-08 13:36:47.237  INFO 35132 --- [main] s.w.s.m.m.a.RequestMappingHandlerMapping : Mapped "{[/usunDaneOsobowe],methods=[POST]}" onto public java.lang.String com.tfkable.karty.controllers.UsersController.usunDaneOsobowe(java.lang.Long,org.springframework.ui.Model)
2021-02-08 13:36:47.240  INFO 35132 --- [main] s.w.s.m.m.a.RequestMappingHandlerMapping : Mapped "{[/usunUsera],methods=[POST]}" onto public java.lang.String com.tfkable.karty.controllers.UsersController.usunUsera(java.lang.Long,org.springframework.ui.Model)
2021-02-08 13:36:47.241  INFO 35132 --- [main] s.w.s.m.m.a.RequestMappingHandlerMapping : Mapped "{[/newUser]}" onto public java.lang.String com.tfkable.karty.controllers.UsersController.newUser(org.springframework.ui.Model)
2021-02-08 13:36:47.242  INFO 35132 --- [main] s.w.s.m.m.a.RequestMappingHandlerMapping : Mapped "{[/saveUser],methods=[POST]}" onto public java.lang.String com.tfkable.karty.controllers.UsersController.saveUser(com.tfkable.karty.security.model.UserDTO)
2021-02-08 13:36:47.244  INFO 35132 --- [main] s.w.s.m.m.a.RequestMappingHandlerMapping : Mapped "{[/roczny]}" onto public java.lang.Long com.tfkable.karty.controllers.WniosekController.getNastepnyNumerRoczny()
2021-02-08 13:36:47.245  INFO 35132 --- [main] s.w.s.m.m.a.RequestMappingHandlerMapping : Mapped "{[/przeliczWartoscWniosku],methods=[POST]}" onto public com.tfkable.karty.dtos.WniosekKwotyDTO com.tfkable.karty.controllers.WniosekController.przeliczWartoscWniosku(java.util.List<com.tfkable.karty.dtos.PartiaDTO>)
2021-02-08 13:36:47.246  INFO 35132 --- [main] s.w.s.m.m.a.RequestMappingHandlerMapping : Mapped "{[/powiadomPrzyjecie],methods=[POST]}" onto public java.lang.Long com.tfkable.karty.controllers.WniosekController.powiadomPrzyjecie(com.tfkable.karty.dtos.PrzyjecieMailDTO)
2021-02-08 13:36:47.247  INFO 35132 --- [main] s.w.s.m.m.a.RequestMappingHandlerMapping : Mapped "{[/pobierzZapisanyWydzial/{wniosekId}]}" onto public java.lang.String com.tfkable.karty.controllers.WniosekController.pobierzZapisanyWydzial(java.lang.Long,org.springframework.ui.Model)
2021-02-08 13:36:47.248  INFO 35132 --- [main] s.w.s.m.m.a.RequestMappingHandlerMapping : Mapped "{[/wnioski]}" onto public java.lang.String com.tfkable.karty.controllers.WniosekController.wnioski()
2021-02-08 13:36:47.250  INFO 35132 --- [main] s.w.s.m.m.a.RequestMappingHandlerMapping : Mapped "{[/wniosekNowy]}" onto public java.lang.String com.tfkable.karty.controllers.WniosekController.wniosekKreator(com.tfkable.karty.dtos.WniosekDTO,org.springframework.ui.Model)
2021-02-08 13:36:47.250  INFO 35132 --- [main] s.w.s.m.m.a.RequestMappingHandlerMapping : Mapped "{[/zapiszNowa],methods=[POST]}" onto public com.tfkable.karty.dtos.PrzyjecieMailDTO com.tfkable.karty.controllers.WniosekController.zapiszNowa(com.tfkable.karty.dtos.WniosekDTO,org.springframework.ui.Model)
2021-02-08 13:36:47.251  INFO 35132 --- [main] s.w.s.m.m.a.RequestMappingHandlerMapping : Mapped "{[/edytujWniosek]}" onto public java.lang.String com.tfkable.karty.controllers.WniosekController.edytujWniosek(java.lang.Long,org.springframework.ui.Model)
2021-02-08 13:36:47.252  INFO 35132 --- [main] s.w.s.m.m.a.RequestMappingHandlerMapping : Mapped "{[/usunWniosek/{wniosekId}],methods=[DELETE]}" onto public java.lang.String com.tfkable.karty.controllers.WniosekController.usunWniosek(java.lang.Long,org.springframework.ui.Model)
2021-02-08 13:36:47.252  INFO 35132 --- [main] s.w.s.m.m.a.RequestMappingHandlerMapping : Mapped "{[/getWnioski]}" onto public com.tfkable.karty.dtos.WniosekDTOContainer com.tfkable.karty.controllers.WniosekController.getWnioski()
2021-02-08 13:36:47.253  INFO 35132 --- [main] s.w.s.m.m.a.RequestMappingHandlerMapping : Mapped "{[/updateOptions]}" onto public java.util.List<java.lang.String> com.tfkable.karty.controllers.WniosekController.updateOptions(java.lang.String)
2021-02-08 13:36:47.255  INFO 35132 --- [main] s.w.s.m.m.a.RequestMappingHandlerMapping : Mapped "{[/getWyroby/{wniosekId}]}" onto public java.util.Map<java.lang.String, com.tfkable.karty.dtos.WyrobDTO> com.tfkable.karty.controllers.WyrobyController.getWyroby(java.lang.Long,org.springframework.ui.Model)
2021-02-08 13:36:47.258  INFO 35132 --- [main] s.w.s.m.m.a.RequestMappingHandlerMapping : Mapped "{[/getWyrobyNowe/{wniosekId}]}" onto public java.util.Map<java.lang.String, com.tfkable.karty.dtos.WyrobDTO> com.tfkable.karty.controllers.WyrobyController.getWyrobyNowe(java.lang.Long,org.springframework.ui.Model)
2021-02-08 13:36:47.263  INFO 35132 --- [main] s.w.s.m.m.a.RequestMappingHandlerMapping : Mapped "{[/download/hrk04],methods=[GET]}" onto public org.springframework.http.ResponseEntity<byte[]> com.tfkable.karty.controllers.WzoryController.downloadHrk04() throws java.lang.Exception
2021-02-08 13:36:47.264  INFO 35132 --- [main] s.w.s.m.m.a.RequestMappingHandlerMapping : Mapped "{[/download/hrk02],methods=[GET]}" onto public org.springframework.http.ResponseEntity<byte[]> com.tfkable.karty.controllers.WzoryController.downloadHrk02() throws java.lang.Exception
2021-02-08 13:36:47.264  INFO 35132 --- [main] s.w.s.m.m.a.RequestMappingHandlerMapping : Mapped "{[/download/notatka],methods=[GET]}" onto public org.springframework.http.ResponseEntity<byte[]> com.tfkable.karty.controllers.WzoryController.downloadNotatka() throws java.lang.Exception
2021-02-08 13:36:47.265  INFO 35132 --- [main] s.w.s.m.m.a.RequestMappingHandlerMapping : Mapped "{[/zapiszZlom]}" onto public java.lang.String com.tfkable.karty.controllers.ZlomController.zapiszZlom(com.tfkable.karty.dtos.ZlomDTO)
2021-02-08 13:36:47.266  INFO 35132 --- [main] s.w.s.m.m.a.RequestMappingHandlerMapping : Mapped "{[/pobierzZlomy]}" onto public java.util.List<com.tfkable.karty.dtos.ZlomDTO> com.tfkable.karty.controllers.ZlomController.pobierzZlomy(java.lang.Long)
2021-02-08 13:36:47.267  INFO 35132 --- [main] s.w.s.m.m.a.RequestMappingHandlerMapping : Mapped "{[/pobierzZlomSuma/{reklamacjaId}]}" onto public java.math.BigDecimal com.tfkable.karty.controllers.ZlomController.pobierzZlomSuma(java.lang.Long)
2021-02-08 13:36:47.267  INFO 35132 --- [main] s.w.s.m.m.a.RequestMappingHandlerMapping : Mapped "{[/usunZlom/{zlomId}]}" onto public java.lang.String com.tfkable.karty.controllers.ZlomController.usunZlom(java.lang.Long)
2021-02-08 13:36:47.269  INFO 35132 --- [main] s.w.s.m.m.a.RequestMappingHandlerMapping : Mapped "{[/forgot],methods=[GET]}" onto public java.lang.String com.tfkable.karty.security.controllers.PasswordResetController.forgot(com.tfkable.karty.security.model.EmailDTO4Reset)
2021-02-08 13:36:47.269  INFO 35132 --- [main] s.w.s.m.m.a.RequestMappingHandlerMapping : Mapped "{[/forgot],methods=[POST]}" onto public java.lang.String com.tfkable.karty.security.controllers.PasswordResetController.resetPassword(com.tfkable.karty.security.model.EmailDTO4Reset,org.springframework.validation.BindingResult,org.springframework.web.servlet.mvc.support.RedirectAttributes,javax.servlet.http.HttpServletRequest)
2021-02-08 13:36:47.270  INFO 35132 --- [main] s.w.s.m.m.a.RequestMappingHandlerMapping : Mapped "{[/user/changePassword],methods=[GET]}" onto public java.lang.String com.tfkable.karty.security.controllers.PasswordResetController.showChangePasswordPage(java.util.Locale,org.springframework.ui.Model,long,java.lang.String,com.tfkable.karty.security.model.PasswordResetDTO)
2021-02-08 13:36:47.270  INFO 35132 --- [main] s.w.s.m.m.a.RequestMappingHandlerMapping : Mapped "{[/resetPassword],methods=[POST]}" onto public java.lang.String com.tfkable.karty.security.controllers.PasswordResetController.resetPasswordSave(com.tfkable.karty.security.model.PasswordResetDTO,org.springframework.validation.BindingResult,org.springframework.ui.Model,org.springframework.web.servlet.mvc.support.RedirectAttributes)
2021-02-08 13:36:47.271  INFO 35132 --- [main] s.w.s.m.m.a.RequestMappingHandlerMapping : Mapped "{[/register],methods=[GET]}" onto public java.lang.String com.tfkable.karty.security.controllers.SecurityController.registerShow(com.tfkable.karty.security.model.UserDTO4Registration)
2021-02-08 13:36:47.272  INFO 35132 --- [main] s.w.s.m.m.a.RequestMappingHandlerMapping : Mapped "{[/register],methods=[POST]}" onto public java.lang.String com.tfkable.karty.security.controllers.SecurityController.registerSave(com.tfkable.karty.security.model.UserDTO4Registration,org.springframework.validation.BindingResult,org.springframework.web.servlet.mvc.support.RedirectAttributes)
2021-02-08 13:36:47.272  INFO 35132 --- [main] s.w.s.m.m.a.RequestMappingHandlerMapping : Mapped "{[/login]}" onto public java.lang.String com.tfkable.karty.security.controllers.SecurityController.loginPageDisplay()
2021-02-08 13:36:47.279  INFO 35132 --- [main] s.w.s.m.m.a.RequestMappingHandlerMapping : Mapped "{[/error]}" onto public org.springframework.http.ResponseEntity<java.util.Map<java.lang.String, java.lang.Object>> org.springframework.boot.autoconfigure.web.servlet.error.BasicErrorController.error(javax.servlet.http.HttpServletRequest)
2021-02-08 13:36:47.280  INFO 35132 --- [main] s.w.s.m.m.a.RequestMappingHandlerMapping : Mapped "{[/error],produces=[text/html]}" onto public org.springframework.web.servlet.ModelAndView org.springframework.boot.autoconfigure.web.servlet.error.BasicErrorController.errorHtml(javax.servlet.http.HttpServletRequest,javax.servlet.http.HttpServletResponse)
2021-02-08 13:36:47.363  INFO 35132 --- [main] o.s.w.s.handler.SimpleUrlHandlerMapping  : Mapped URL path [/webjars/**] onto handler of type [class org.springframework.web.servlet.resource.ResourceHttpRequestHandler]
2021-02-08 13:36:47.364  INFO 35132 --- [main] o.s.w.s.handler.SimpleUrlHandlerMapping  : Mapped URL path [/**] onto handler of type [class org.springframework.web.servlet.resource.ResourceHttpRequestHandler]
2021-02-08 13:36:47.642  INFO 35132 --- [main] o.s.s.web.DefaultSecurityFilterChain     : Creating filter chain: org.springframework.security.web.util.matcher.AnyRequestMatcher@1, [org.springframework.security.web.context.request.async.WebAsyncManagerIntegrationFilter@6c5ddccd, org.springframework.security.web.context.SecurityContextPersistenceFilter@26c89563, org.springframework.security.web.header.HeaderWriterFilter@44ed0a8f, org.springframework.web.filter.CorsFilter@1dbd580, org.springframework.security.web.csrf.CsrfFilter@6920b0bc, org.springframework.security.web.authentication.logout.LogoutFilter@2e1ddc90, org.springframework.security.web.authentication.UsernamePasswordAuthenticationFilter@670b3ca, org.springframework.security.web.session.ConcurrentSessionFilter@57cb70be, org.springframework.security.web.savedrequest.RequestCacheAwareFilter@58f437b0, org.springframework.security.web.servletapi.SecurityContextHolderAwareRequestFilter@608fe01f, org.springframework.security.web.authentication.AnonymousAuthenticationFilter@6c101cc1, org.springframework.security.web.session.SessionManagementFilter@a96d56c, org.springframework.security.web.access.ExceptionTranslationFilter@44065156, org.springframework.security.web.access.intercept.FilterSecurityInterceptor@3f1ef9d6]
2021-02-08 13:36:48.109  INFO 35132 --- [main] s.w.s.m.m.a.RequestMappingHandlerAdapter : Looking for @ControllerAdvice: org.springframework.boot.web.servlet.context.AnnotationConfigServletWebServerApplicationContext@223d2c72: startup date [Mon Feb 08 13:35:56 CET 2021]; root of context hierarchy
2021-02-08 13:36:49.165  INFO 35132 --- [RMI TCP Connection(2)-172.16.100.220] inMXBeanRegistrar$SpringApplicationAdmin : Application shutdown requested.
2021-02-08 13:36:49.264  INFO 35132 --- [main] o.s.j.e.a.AnnotationMBeanExporter        : Registering beans for JMX exposure on startup
2021-02-08 13:36:49.267  INFO 35132 --- [main] o.s.j.e.a.AnnotationMBeanExporter        : Bean with name 'dataSource' has been autodetected for JMX exposure
2021-02-08 13:36:49.280  INFO 35132 --- [main] o.s.j.e.a.AnnotationMBeanExporter        : Located MBean 'dataSource': registering with JMX server as MBean [com.zaxxer.hikari:name=dataSource,type=HikariDataSource]
2021-02-08 13:36:49.649  INFO 35132 --- [main] o.s.b.w.embedded.tomcat.TomcatWebServer  : Tomcat started on port(s): 8075 (http) with context path ''
2021-02-08 13:36:49.655  INFO 35132 --- [main] com.tfkable.karty.ReklamacjeApplication  : Started ReklamacjeApplication in 54.846 seconds (JVM running for 56.659)
2021-02-08 13:36:49.657  INFO 35132 --- [RMI TCP Connection(2)-172.16.100.220] ConfigServletWebServerApplicationContext : Closing org.springframework.boot.web.servlet.context.AnnotationConfigServletWebServerApplicationContext@223d2c72: startup date [Mon Feb 08 13:35:56 CET 2021]; root of context hierarchy
2021-02-08 13:36:49.681  INFO 35132 --- [RMI TCP Connection(2)-172.16.100.220] com.zaxxer.hikari.HikariDataSource       : HikariPool-1 - Shutdown initiated...
2021-02-08 13:36:49.688  INFO 35132 --- [RMI TCP Connection(2)-172.16.100.220] com.zaxxer.hikari.HikariDataSource       : HikariPool-1 - Shutdown completed.
2021-02-08 13:36:53.246  INFO 37120 --- [main] o.s.boot.SpringApplication               : 
  .   ____          _            __ _ _
 /\\ / ___'_ __ _ _(_)_ __  __ _ \ \ \ \
( ( )\___ | '_ | '_| | '_ \/ _` | \ \ \ \
 \\/  ___)| |_)| | | | | || (_| |  ) ) ) )
  '  |____| .__|_| |_|_| |_\__, | / / / /
 =========|_|==============|___/=/_/_/_/
 :: Spring Boot ::        (v2.0.3.RELEASE)


2021-02-08 13:36:53.384  INFO 37120 --- [main] com.tfkable.karty.ReklamacjeApplication  : Starting ReklamacjeApplication on jaroszp with PID 37120 (D:\TF_GIT_WORKSPACES\workspaceReklamacje\reklamacje\target\classes started by pawel.jarosz in D:\TF_GIT_WORKSPACES\workspaceReklamacje\reklamacje)
2021-02-08 13:36:53.386  INFO 37120 --- [main] com.tfkable.karty.ReklamacjeApplication  : No active profile set, falling back to default profiles: default
2021-02-08 13:36:53.497  INFO 37120 --- [main] ConfigServletWebServerApplicationContext : Refreshing org.springframework.boot.web.servlet.context.AnnotationConfigServletWebServerApplicationContext@1817d444: startup date [Mon Feb 08 13:36:53 CET 2021]; root of context hierarchy
2021-02-08 13:36:56.738  INFO 37120 --- [main] trationDelegate$BeanPostProcessorChecker : Bean 'org.springframework.security.config.annotation.configuration.ObjectPostProcessorConfiguration' of type [org.springframework.security.config.annotation.configuration.ObjectPostProcessorConfiguration$$EnhancerBySpringCGLIB$$a2bf7c19] is not eligible for getting processed by all BeanPostProcessors (for example: not eligible for auto-proxying)
2021-02-08 13:36:56.760  INFO 37120 --- [main] trationDelegate$BeanPostProcessorChecker : Bean 'objectPostProcessor' of type [org.springframework.security.config.annotation.configuration.AutowireBeanFactoryObjectPostProcessor] is not eligible for getting processed by all BeanPostProcessors (for example: not eligible for auto-proxying)
2021-02-08 13:36:56.770  INFO 37120 --- [main] trationDelegate$BeanPostProcessorChecker : Bean 'org.springframework.security.access.expression.method.DefaultMethodSecurityExpressionHandler@2d195ee4' of type [org.springframework.security.access.expression.method.DefaultMethodSecurityExpressionHandler] is not eligible for getting processed by all BeanPostProcessors (for example: not eligible for auto-proxying)
2021-02-08 13:36:56.796  INFO 37120 --- [main] trationDelegate$BeanPostProcessorChecker : Bean 'org.springframework.security.config.annotation.method.configuration.GlobalMethodSecurityConfiguration' of type [org.springframework.security.config.annotation.method.configuration.GlobalMethodSecurityConfiguration$$EnhancerBySpringCGLIB$$c7941ecb] is not eligible for getting processed by all BeanPostProcessors (for example: not eligible for auto-proxying)
2021-02-08 13:36:56.825  INFO 37120 --- [main] trationDelegate$BeanPostProcessorChecker : Bean 'methodSecurityMetadataSource' of type [org.springframework.security.access.method.DelegatingMethodSecurityMetadataSource] is not eligible for getting processed by all BeanPostProcessors (for example: not eligible for auto-proxying)
2021-02-08 13:36:56.903  INFO 37120 --- [main] trationDelegate$BeanPostProcessorChecker : Bean 'org.springframework.transaction.annotation.ProxyTransactionManagementConfiguration' of type [org.springframework.transaction.annotation.ProxyTransactionManagementConfiguration$$EnhancerBySpringCGLIB$$a11b3df] is not eligible for getting processed by all BeanPostProcessors (for example: not eligible for auto-proxying)
2021-02-08 13:36:57.883  INFO 37120 --- [main] o.s.b.w.embedded.tomcat.TomcatWebServer  : Tomcat initialized with port(s): 8075 (http)
2021-02-08 13:36:57.936  INFO 37120 --- [main] o.apache.catalina.core.StandardService   : Starting service [Tomcat]
2021-02-08 13:36:57.936  INFO 37120 --- [main] org.apache.catalina.core.StandardEngine  : Starting Servlet Engine: Apache Tomcat/8.5.31
2021-02-08 13:36:57.953  INFO 37120 --- [localhost-startStop-1] o.a.catalina.core.AprLifecycleListener   : The APR based Apache Tomcat Native library which allows optimal performance in production environments was not found on the java.library.path: [C:\Program Files\Java\jre1.8.0_111\bin;C:\windows\Sun\Java\bin;C:\windows\system32;C:\windows;C:/Program Files/Java/jre1.8.0_111/bin/server;C:/Program Files/Java/jre1.8.0_111/bin;C:/Program Files/Java/jre1.8.0_111/lib/amd64;C:\ProgramData\Oracle\Java\javapath;C:\Program Files (x86)\RSA SecurID Token Common;C:\windows\system32;C:\windows;C:\windows\System32\Wbem;C:\windows\System32\WindowsPowerShell\v1.0\;C:\Program Files\TortoiseSVN\bin;C:\Program Files (x86)\Subversion\bin;C:\apache-ant-1.9.6;C:\apache-maven-3.3.9\bin;c:\php;C:\Program Files\nodejs\;C:\SAPJCo\sapjco30P_14-10005326;C:\Program Files\Git\cmd;C:\Program Files\TortoiseGit\bin;C:\Program Files\dotnet\;C:\Users\pawel.jarosz\AppData\Local\atom\bin;C:\Users\pawel.jarosz\AppData\Roaming\npm;C:\Gradle\gradle-4.4.1\bin;C:\STS\sts-bundle\sts-3.7.2.RELEASE;;.]
2021-02-08 13:36:58.171  INFO 37120 --- [localhost-startStop-1] o.a.c.c.C.[Tomcat].[localhost].[/]       : Initializing Spring embedded WebApplicationContext
2021-02-08 13:36:58.172  INFO 37120 --- [localhost-startStop-1] o.s.web.context.ContextLoader            : Root WebApplicationContext: initialization completed in 4674 ms
2021-02-08 13:36:58.846  INFO 37120 --- [localhost-startStop-1] com.zaxxer.hikari.HikariDataSource       : HikariPool-1 - Starting...
2021-02-08 13:36:59.407  INFO 37120 --- [localhost-startStop-1] com.zaxxer.hikari.HikariDataSource       : HikariPool-1 - Start completed.
2021-02-08 13:36:59.504  INFO 37120 --- [localhost-startStop-1] j.LocalContainerEntityManagerFactoryBean : Building JPA container EntityManagerFactory for persistence unit 'default'
2021-02-08 13:36:59.540  INFO 37120 --- [localhost-startStop-1] o.hibernate.jpa.internal.util.LogHelper  : HHH000204: Processing PersistenceUnitInfo [
	name: default
	...]
2021-02-08 13:36:59.702  INFO 37120 --- [localhost-startStop-1] org.hibernate.Version                    : HHH000412: Hibernate Core {5.2.17.Final}
2021-02-08 13:36:59.706  INFO 37120 --- [localhost-startStop-1] org.hibernate.cfg.Environment            : HHH000206: hibernate.properties not found
2021-02-08 13:36:59.775  INFO 37120 --- [localhost-startStop-1] o.hibernate.annotations.common.Version   : HCANN000001: Hibernate Commons Annotations {5.0.1.Final}
2021-02-08 13:37:00.159  INFO 37120 --- [localhost-startStop-1] org.hibernate.dialect.Dialect            : HHH000400: Using dialect: org.hibernate.dialect.PostgreSQLDialect
2021-02-08 13:37:19.570  INFO 37120 --- [localhost-startStop-1] o.h.e.j.e.i.LobCreatorBuilderImpl        : HHH000421: Disabling contextual LOB creation as hibernate.jdbc.lob.non_contextual_creation is true
2021-02-08 13:37:19.572  INFO 37120 --- [localhost-startStop-1] org.hibernate.type.BasicTypeRegistry     : HHH000270: Type registration [java.util.UUID] overrides previous : org.hibernate.type.UUIDBinaryType@339e9102
2021-02-08 13:37:36.176  INFO 35344 --- [main] o.s.boot.SpringApplication               : 
  .   ____          _            __ _ _
 /\\ / ___'_ __ _ _(_)_ __  __ _ \ \ \ \
( ( )\___ | '_ | '_| | '_ \/ _` | \ \ \ \
 \\/  ___)| |_)| | | | | || (_| |  ) ) ) )
  '  |____| .__|_| |_|_| |_\__, | / / / /
 =========|_|==============|___/=/_/_/_/
 :: Spring Boot ::        (v2.0.3.RELEASE)


2021-02-08 13:37:36.345  INFO 35344 --- [main] com.tfkable.karty.ReklamacjeApplication  : Starting ReklamacjeApplication on jaroszp with PID 35344 (D:\TF_GIT_WORKSPACES\workspaceReklamacje\reklamacje\target\classes started by pawel.jarosz in D:\TF_GIT_WORKSPACES\workspaceReklamacje\reklamacje)
2021-02-08 13:37:36.346  INFO 35344 --- [main] com.tfkable.karty.ReklamacjeApplication  : No active profile set, falling back to default profiles: default
2021-02-08 13:37:36.461  INFO 35344 --- [main] ConfigServletWebServerApplicationContext : Refreshing org.springframework.boot.web.servlet.context.AnnotationConfigServletWebServerApplicationContext@4c583ecf: startup date [Mon Feb 08 13:37:36 CET 2021]; root of context hierarchy
2021-02-08 13:37:40.712  INFO 35344 --- [main] trationDelegate$BeanPostProcessorChecker : Bean 'org.springframework.security.config.annotation.configuration.ObjectPostProcessorConfiguration' of type [org.springframework.security.config.annotation.configuration.ObjectPostProcessorConfiguration$$EnhancerBySpringCGLIB$$79d664fd] is not eligible for getting processed by all BeanPostProcessors (for example: not eligible for auto-proxying)
2021-02-08 13:37:40.736  INFO 35344 --- [main] trationDelegate$BeanPostProcessorChecker : Bean 'objectPostProcessor' of type [org.springframework.security.config.annotation.configuration.AutowireBeanFactoryObjectPostProcessor] is not eligible for getting processed by all BeanPostProcessors (for example: not eligible for auto-proxying)
2021-02-08 13:37:40.746  INFO 35344 --- [main] trationDelegate$BeanPostProcessorChecker : Bean 'org.springframework.security.access.expression.method.DefaultMethodSecurityExpressionHandler@773dab28' of type [org.springframework.security.access.expression.method.DefaultMethodSecurityExpressionHandler] is not eligible for getting processed by all BeanPostProcessors (for example: not eligible for auto-proxying)
2021-02-08 13:37:40.766  INFO 35344 --- [main] trationDelegate$BeanPostProcessorChecker : Bean 'org.springframework.security.config.annotation.method.configuration.GlobalMethodSecurityConfiguration' of type [org.springframework.security.config.annotation.method.configuration.GlobalMethodSecurityConfiguration$$EnhancerBySpringCGLIB$$9eab07af] is not eligible for getting processed by all BeanPostProcessors (for example: not eligible for auto-proxying)
2021-02-08 13:37:40.795  INFO 35344 --- [main] trationDelegate$BeanPostProcessorChecker : Bean 'methodSecurityMetadataSource' of type [org.springframework.security.access.method.DelegatingMethodSecurityMetadataSource] is not eligible for getting processed by all BeanPostProcessors (for example: not eligible for auto-proxying)
2021-02-08 13:37:40.820  INFO 35344 --- [main] trationDelegate$BeanPostProcessorChecker : Bean 'org.springframework.transaction.annotation.ProxyTransactionManagementConfiguration' of type [org.springframework.transaction.annotation.ProxyTransactionManagementConfiguration$$EnhancerBySpringCGLIB$$e1289cc3] is not eligible for getting processed by all BeanPostProcessors (for example: not eligible for auto-proxying)
2021-02-08 13:37:41.905  INFO 35344 --- [main] o.s.b.w.embedded.tomcat.TomcatWebServer  : Tomcat initialized with port(s): 8075 (http)
2021-02-08 13:37:41.963  INFO 35344 --- [main] o.apache.catalina.core.StandardService   : Starting service [Tomcat]
2021-02-08 13:37:41.963  INFO 35344 --- [main] org.apache.catalina.core.StandardEngine  : Starting Servlet Engine: Apache Tomcat/8.5.31
2021-02-08 13:37:41.987  INFO 35344 --- [localhost-startStop-1] o.a.catalina.core.AprLifecycleListener   : The APR based Apache Tomcat Native library which allows optimal performance in production environments was not found on the java.library.path: [C:\Program Files\Java\jre1.8.0_111\bin;C:\windows\Sun\Java\bin;C:\windows\system32;C:\windows;C:/Program Files/Java/jre1.8.0_111/bin/server;C:/Program Files/Java/jre1.8.0_111/bin;C:/Program Files/Java/jre1.8.0_111/lib/amd64;C:\ProgramData\Oracle\Java\javapath;C:\Program Files (x86)\RSA SecurID Token Common;C:\windows\system32;C:\windows;C:\windows\System32\Wbem;C:\windows\System32\WindowsPowerShell\v1.0\;C:\Program Files\TortoiseSVN\bin;C:\Program Files (x86)\Subversion\bin;C:\apache-ant-1.9.6;C:\apache-maven-3.3.9\bin;c:\php;C:\Program Files\nodejs\;C:\SAPJCo\sapjco30P_14-10005326;C:\Program Files\Git\cmd;C:\Program Files\TortoiseGit\bin;C:\Program Files\dotnet\;C:\Users\pawel.jarosz\AppData\Local\atom\bin;C:\Users\pawel.jarosz\AppData\Roaming\npm;C:\Gradle\gradle-4.4.1\bin;C:\STS\sts-bundle\sts-3.7.2.RELEASE;;.]
2021-02-08 13:37:42.294  INFO 35344 --- [localhost-startStop-1] o.a.c.c.C.[Tomcat].[localhost].[/]       : Initializing Spring embedded WebApplicationContext
2021-02-08 13:37:42.294  INFO 35344 --- [localhost-startStop-1] o.s.web.context.ContextLoader            : Root WebApplicationContext: initialization completed in 5833 ms
2021-02-08 13:37:43.307  INFO 35344 --- [localhost-startStop-1] com.zaxxer.hikari.HikariDataSource       : HikariPool-1 - Starting...
2021-02-08 13:37:43.884  INFO 35344 --- [localhost-startStop-1] com.zaxxer.hikari.HikariDataSource       : HikariPool-1 - Start completed.
2021-02-08 13:37:44.037  INFO 35344 --- [localhost-startStop-1] j.LocalContainerEntityManagerFactoryBean : Building JPA container EntityManagerFactory for persistence unit 'default'
2021-02-08 13:37:44.082  INFO 35344 --- [localhost-startStop-1] o.hibernate.jpa.internal.util.LogHelper  : HHH000204: Processing PersistenceUnitInfo [
	name: default
	...]
2021-02-08 13:37:44.314  INFO 35344 --- [localhost-startStop-1] org.hibernate.Version                    : HHH000412: Hibernate Core {5.2.17.Final}
2021-02-08 13:37:44.318  INFO 35344 --- [localhost-startStop-1] org.hibernate.cfg.Environment            : HHH000206: hibernate.properties not found
2021-02-08 13:37:44.438  INFO 35344 --- [localhost-startStop-1] o.hibernate.annotations.common.Version   : HCANN000001: Hibernate Commons Annotations {5.0.1.Final}
2021-02-08 13:37:44.832  INFO 35344 --- [localhost-startStop-1] org.hibernate.dialect.Dialect            : HHH000400: Using dialect: org.hibernate.dialect.PostgreSQLDialect
2021-02-08 13:38:04.376  INFO 35344 --- [localhost-startStop-1] o.h.e.j.e.i.LobCreatorBuilderImpl        : HHH000421: Disabling contextual LOB creation as hibernate.jdbc.lob.non_contextual_creation is true
2021-02-08 13:38:04.384  INFO 35344 --- [localhost-startStop-1] org.hibernate.type.BasicTypeRegistry     : HHH000270: Type registration [java.util.UUID] overrides previous : org.hibernate.type.UUIDBinaryType@5bea42b3
2021-02-08 13:38:11.598  INFO 35344 --- [localhost-startStop-1] j.LocalContainerEntityManagerFactoryBean : Initialized JPA EntityManagerFactory for persistence unit 'default'
2021-02-08 13:38:13.191  INFO 35344 --- [localhost-startStop-1] o.s.b.w.servlet.FilterRegistrationBean   : Mapping filter: 'characterEncodingFilter' to: [/*]
2021-02-08 13:38:13.191  INFO 35344 --- [localhost-startStop-1] o.s.b.w.servlet.FilterRegistrationBean   : Mapping filter: 'hiddenHttpMethodFilter' to: [/*]
2021-02-08 13:38:13.192  INFO 35344 --- [localhost-startStop-1] o.s.b.w.servlet.FilterRegistrationBean   : Mapping filter: 'httpPutFormContentFilter' to: [/*]
2021-02-08 13:38:13.193  INFO 35344 --- [localhost-startStop-1] o.s.b.w.servlet.FilterRegistrationBean   : Mapping filter: 'requestContextFilter' to: [/*]
2021-02-08 13:38:13.199  INFO 35344 --- [localhost-startStop-1] .s.DelegatingFilterProxyRegistrationBean : Mapping filter: 'springSecurityFilterChain' to: [/*]
2021-02-08 13:38:13.200  INFO 35344 --- [localhost-startStop-1] o.s.b.w.servlet.ServletRegistrationBean  : Servlet dispatcherServlet mapped to [/]
2021-02-08 13:38:13.337  INFO 35344 --- [main] o.s.jdbc.datasource.init.ScriptUtils     : Executing SQL script from URL [file:/D:/TF_GIT_WORKSPACES/workspaceReklamacje/reklamacje/target/classes/data.sql]
2021-02-08 13:38:13.338  INFO 35344 --- [main] o.s.jdbc.datasource.init.ScriptUtils     : Executed SQL script from URL [file:/D:/TF_GIT_WORKSPACES/workspaceReklamacje/reklamacje/target/classes/data.sql] in 0 ms.
2021-02-08 13:38:15.854  INFO 35344 --- [main] o.h.h.i.QueryTranslatorFactoryInitiator  : HHH000397: Using ASTQueryTranslatorFactory
2021-02-08 13:38:16.497  INFO 35344 --- [main] o.s.w.s.handler.SimpleUrlHandlerMapping  : Mapped URL path [/**/favicon.ico] onto handler of type [class org.springframework.web.servlet.resource.ResourceHttpRequestHandler]
2021-02-08 13:38:16.528  WARN 35344 --- [main] aWebConfiguration$JpaWebMvcConfiguration : spring.jpa.open-in-view is enabled by default. Therefore, database queries may be performed during view rendering. Explicitly configure spring.jpa.open-in-view to disable this warning
2021-02-08 13:38:16.660  INFO 35344 --- [main] s.w.s.m.m.a.RequestMappingHandlerMapping : Mapped "{[/usunreklamacje/{id}]}" onto public java.lang.String com.tfkable.karty.controllers.AdminBackdoorController.usunReklamacje(java.lang.Long)
2021-02-08 13:38:16.663  INFO 35344 --- [main] s.w.s.m.m.a.RequestMappingHandlerMapping : Mapped "{[/download/raport2],methods=[GET]}" onto public org.springframework.http.ResponseEntity<byte[]> com.tfkable.karty.controllers.ExcelController.downloadRaport2() throws java.lang.Exception
2021-02-08 13:38:16.663  INFO 35344 --- [main] s.w.s.m.m.a.RequestMappingHandlerMapping : Mapped "{[/download/raport1],methods=[GET]}" onto public org.springframework.http.ResponseEntity<byte[]> com.tfkable.karty.controllers.ExcelController.downloadRaport1() throws java.lang.Exception
2021-02-08 13:38:16.665  INFO 35344 --- [main] s.w.s.m.m.a.RequestMappingHandlerMapping : Mapped "{[/getKlienci]}" onto public java.util.List<com.tfkable.karty.dtos.KlientDTO> com.tfkable.karty.controllers.KlientController.getKlienci()
2021-02-08 13:38:16.665  INFO 35344 --- [main] s.w.s.m.m.a.RequestMappingHandlerMapping : Mapped "{[/klienci]}" onto public java.lang.String com.tfkable.karty.controllers.KlientController.klienci()
2021-02-08 13:38:16.667  INFO 35344 --- [main] s.w.s.m.m.a.RequestMappingHandlerMapping : Mapped "{[/pobierzWyrobyKorygowane/{reklamacjaId}],methods=[GET]}" onto public com.tfkable.karty.dtos.KontenerWyrobKorygowanyDTO com.tfkable.karty.controllers.KorektaController.pobierzWyrobyKorygowane(java.lang.Long) throws java.net.UnknownHostException
2021-02-08 13:38:16.668  INFO 35344 --- [main] s.w.s.m.m.a.RequestMappingHandlerMapping : Mapped "{[/zapiszKorekte/{reklamacjaId}],methods=[POST]}" onto public com.tfkable.karty.dtos.KontenerWyrobKorygowanyDTO com.tfkable.karty.controllers.KorektaController.zapiszKorekte(java.util.List<com.tfkable.karty.dtos.WyrobKorygowanyDTO>,java.lang.Long) throws java.net.UnknownHostException
2021-02-08 13:38:16.669  INFO 35344 --- [main] s.w.s.m.m.a.RequestMappingHandlerMapping : Mapped "{[/usunKorekte/{korektaId}],methods=[DELETE]}" onto public com.tfkable.karty.dtos.KontenerWyrobKorygowanyDTO com.tfkable.karty.controllers.KorektaController.usunKorekte(java.lang.Long) throws java.net.UnknownHostException
2021-02-08 13:38:16.676  INFO 35344 --- [main] s.w.s.m.m.a.RequestMappingHandlerMapping : Mapped "{[/zapiszIlosciUznane],methods=[POST]}" onto public com.tfkable.karty.dtos.KosztySumaDTO com.tfkable.karty.controllers.KosztyController.zapiszIlosciUznane(java.util.List<java.lang.String>)
2021-02-08 13:38:16.677  INFO 35344 --- [main] s.w.s.m.m.a.RequestMappingHandlerMapping : Mapped "{[/zapiszIlosciUznanePartii],methods=[POST]}" onto public com.tfkable.karty.dtos.KosztySumaDTO com.tfkable.karty.controllers.KosztyController.zapiszIlosciUznanePartii(java.util.List<java.lang.String>)
2021-02-08 13:38:16.677  INFO 35344 --- [main] s.w.s.m.m.a.RequestMappingHandlerMapping : Mapped "{[/zapiszDodatkoweKoszty/{reklamacjaId}],methods=[POST]}" onto public java.lang.String com.tfkable.karty.controllers.KosztyController.zapiszDodatkoweKoszty(java.util.List<com.tfkable.karty.dtos.DodatkowyKosztDTO>,java.lang.Long)
2021-02-08 13:38:16.679  INFO 35344 --- [main] s.w.s.m.m.a.RequestMappingHandlerMapping : Mapped "{[/pobierzKosztySumaDTO/{reklamacjaId}]}" onto public com.tfkable.karty.dtos.KosztySumaDTO com.tfkable.karty.controllers.KosztyController.pobierzKosztySumaDTO(java.lang.Long,org.springframework.ui.Model)
2021-02-08 13:38:16.680  INFO 35344 --- [main] s.w.s.m.m.a.RequestMappingHandlerMapping : Mapped "{[/getSumaWszystkichKosztow/{reklamacjaId}]}" onto public com.tfkable.karty.dtos.SumaWszystkichKosztowDTO com.tfkable.karty.controllers.KosztyController.getSumaWszystkichKosztow(java.lang.Long)
2021-02-08 13:38:16.681  INFO 35344 --- [main] s.w.s.m.m.a.RequestMappingHandlerMapping : Mapped "{[/getReklamowaneKoszty/{wniosekId}]}" onto public java.util.Map<java.lang.String, com.tfkable.karty.dtos.WyrobDTO> com.tfkable.karty.controllers.KosztyController.getReklamowaneKoszty(java.lang.Long,org.springframework.ui.Model)
2021-02-08 13:38:16.682  INFO 35344 --- [main] s.w.s.m.m.a.RequestMappingHandlerMapping : Mapped "{[/getDodatkoweKoszty/{kosztyId}]}" onto public java.util.Map<java.lang.String, com.tfkable.karty.dtos.DodatkowyKosztDTO> com.tfkable.karty.controllers.KosztyController.getDodatkoweKoszty(java.lang.Long)
2021-02-08 13:38:16.683  INFO 35344 --- [main] s.w.s.m.m.a.RequestMappingHandlerMapping : Mapped "{[/pobierzDodatoweKosztySumaDTO/{reklamacjaId}]}" onto public com.tfkable.karty.dtos.DodatkoweKosztySumaDTO com.tfkable.karty.controllers.KosztyController.pobierzDodatoweKosztySumaDTO(java.lang.Long)
2021-02-08 13:38:16.684  INFO 35344 --- [main] s.w.s.m.m.a.RequestMappingHandlerMapping : Mapped "{[/rozlicz/{reklamacjaId}],methods=[POST]}" onto public java.time.LocalDate com.tfkable.karty.controllers.KosztyController.rozlicz(java.lang.Long)
2021-02-08 13:38:16.684  INFO 35344 --- [main] s.w.s.m.m.a.RequestMappingHandlerMapping : Mapped "{[/uznaj/{reklamacjaId}],methods=[POST]}" onto public java.time.LocalDate com.tfkable.karty.controllers.KosztyController.uznaj(java.lang.Long)
2021-02-08 13:38:16.685  INFO 35344 --- [main] s.w.s.m.m.a.RequestMappingHandlerMapping : Mapped "{[/edytujKoszty]}" onto public java.lang.String com.tfkable.karty.controllers.KosztyController.edytujKoszty(java.lang.Long,org.springframework.ui.Model)
2021-02-08 13:38:16.686  INFO 35344 --- [main] s.w.s.m.m.a.RequestMappingHandlerMapping : Mapped "{[/usunDK/{dkid}]}" onto public java.lang.String com.tfkable.karty.controllers.KosztyController.usunDK(java.lang.Long)
2021-02-08 13:38:16.687  INFO 35344 --- [main] s.w.s.m.m.a.RequestMappingHandlerMapping : Mapped "{[/zapiszPliki],methods=[POST]}" onto public java.lang.String com.tfkable.karty.controllers.PlikiController.zapiszPliki(com.tfkable.karty.dtos.PlikDTO,org.springframework.web.multipart.MultipartFile[])
2021-02-08 13:38:16.688  INFO 35344 --- [main] s.w.s.m.m.a.RequestMappingHandlerMapping : Mapped "{[/getPliki/{id}]}" onto public java.util.List<com.tfkable.karty.dtos.PlikDTO> com.tfkable.karty.controllers.PlikiController.getPliki(java.lang.Long)
2021-02-08 13:38:16.689  INFO 35344 --- [main] s.w.s.m.m.a.RequestMappingHandlerMapping : Mapped "{[/download/{id}],methods=[GET]}" onto public org.springframework.http.ResponseEntity<byte[]> com.tfkable.karty.controllers.PlikiController.downloadFile(java.lang.Long) throws java.lang.Exception
2021-02-08 13:38:16.690  INFO 35344 --- [main] s.w.s.m.m.a.RequestMappingHandlerMapping : Mapped "{[/priorytety],methods=[GET]}" onto public org.springframework.http.ResponseEntity<byte[]> com.tfkable.karty.controllers.PlikiController.priorytety() throws java.lang.Exception
2021-02-08 13:38:16.691  INFO 35344 --- [main] s.w.s.m.m.a.RequestMappingHandlerMapping : Mapped "{[/delete/{id}]}" onto public java.lang.String com.tfkable.karty.controllers.PlikiController.deleteFile(java.lang.Long)
2021-02-08 13:38:16.693  INFO 35344 --- [main] s.w.s.m.m.a.RequestMappingHandlerMapping : Mapped "{[/download/postepowanie/{postepowanieId}],methods=[GET]}" onto public org.springframework.http.ResponseEntity<byte[]> com.tfkable.karty.controllers.PostepowanieController.getDownloadDataAll(java.lang.Long) throws java.lang.Exception
2021-02-08 13:38:16.694  INFO 35344 --- [main] s.w.s.m.m.a.RequestMappingHandlerMapping : Mapped "{[/rozpocznijPostepowanie]}" onto public java.lang.String com.tfkable.karty.controllers.PostepowanieController.rozpocznijPostepowanie(java.lang.Long,com.tfkable.karty.dtos.PostepowanieDTO,org.springframework.ui.Model)
2021-02-08 13:38:16.695  INFO 35344 --- [main] s.w.s.m.m.a.RequestMappingHandlerMapping : Mapped "{[/edytujPostepowanie]}" onto public java.lang.String com.tfkable.karty.controllers.PostepowanieController.edytujPostepowanie(java.lang.Long,org.springframework.ui.Model)
2021-02-08 13:38:16.696  INFO 35344 --- [main] s.w.s.m.m.a.RequestMappingHandlerMapping : Mapped "{[/wyslijPowiadomienieOpostpowaniu],methods=[POST]}" onto public java.lang.String com.tfkable.karty.controllers.PostepowanieController.wyslijPowiadomienieOpostpowaniu(com.tfkable.karty.dtos.WiadomoscDTO,org.springframework.ui.Model)
2021-02-08 13:38:16.696  INFO 35344 --- [main] s.w.s.m.m.a.RequestMappingHandlerMapping : Mapped "{[/zapiszPostepowanie],methods=[POST]}" onto public java.lang.Long com.tfkable.karty.controllers.PostepowanieController.zapiszPostepowanie(com.tfkable.karty.dtos.PostepowanieDTO,org.springframework.ui.Model)
2021-02-08 13:38:16.697  INFO 35344 --- [main] s.w.s.m.m.a.RequestMappingHandlerMapping : Mapped "{[/getDaneDoPowiadomieniaOpostpowaniu/{postepowanieId}]}" onto public com.tfkable.karty.dtos.PowiadomienieDTO com.tfkable.karty.controllers.PostepowanieController.getDaneDoPowiadomieniaOpostpowaniu(java.lang.Long,org.springframework.ui.Model)
2021-02-08 13:38:16.698  INFO 35344 --- [main] s.w.s.m.m.a.RequestMappingHandlerMapping : Mapped "{[/getPostepowania/{reklamacjaId}]}" onto public java.util.List<com.tfkable.karty.dtos.PostepowanieDTO> com.tfkable.karty.controllers.PostepowanieController.getPostepowania(java.lang.Long,org.springframework.ui.Model)
2021-02-08 13:38:16.699  INFO 35344 --- [main] s.w.s.m.m.a.RequestMappingHandlerMapping : Mapped "{[/usunPostepowanie/{postepowanieId}]}" onto public java.lang.String com.tfkable.karty.controllers.PostepowanieController.usunPostepowanie(java.lang.Long)
2021-02-08 13:38:16.700  INFO 35344 --- [main] s.w.s.m.m.a.RequestMappingHandlerMapping : Mapped "{[/getPostepowanie/{postepowanieId}]}" onto public com.tfkable.karty.dtos.PostepowanieDTO com.tfkable.karty.controllers.PostepowanieController.getPostepowanie(java.lang.Long,org.springframework.ui.Model)
2021-02-08 13:38:16.702  INFO 35344 --- [main] s.w.s.m.m.a.RequestMappingHandlerMapping : Mapped "{[/download/raport/{raportId}],methods=[GET]}" onto public org.springframework.http.ResponseEntity<byte[]> com.tfkable.karty.controllers.RaportController.getDownloadDataAll(java.lang.Long) throws java.lang.Exception
2021-02-08 13:38:16.708  INFO 35344 --- [main] s.w.s.m.m.a.RequestMappingHandlerMapping : Mapped "{[/zapiszRaport],methods=[POST]}" onto public java.lang.Long com.tfkable.karty.controllers.RaportController.zapiszRaport(com.tfkable.karty.dtos.RaportDTO,org.springframework.ui.Model)
2021-02-08 13:38:16.709  INFO 35344 --- [main] s.w.s.m.m.a.RequestMappingHandlerMapping : Mapped "{[/edytujRaport]}" onto public java.lang.String com.tfkable.karty.controllers.RaportController.edytujRaport(java.lang.Long,org.springframework.ui.Model)
2021-02-08 13:38:16.710  INFO 35344 --- [main] s.w.s.m.m.a.RequestMappingHandlerMapping : Mapped "{[/usunRaport/{raportId}]}" onto public java.lang.String com.tfkable.karty.controllers.RaportController.usunRaport(java.lang.Long)
2021-02-08 13:38:16.710  INFO 35344 --- [main] s.w.s.m.m.a.RequestMappingHandlerMapping : Mapped "{[/zatwierdzraport/{raportId}]}" onto public java.lang.String com.tfkable.karty.controllers.RaportController.zatwierdzRaport(java.lang.Long)
2021-02-08 13:38:16.711  INFO 35344 --- [main] s.w.s.m.m.a.RequestMappingHandlerMapping : Mapped "{[/getRaporty/{reklamacjaId}]}" onto public java.util.List<com.tfkable.karty.dtos.RaportDTO> com.tfkable.karty.controllers.RaportController.getRaporty(java.lang.Long,org.springframework.ui.Model)
2021-02-08 13:38:16.712  INFO 35344 --- [main] s.w.s.m.m.a.RequestMappingHandlerMapping : Mapped "{[/getRaport/{raportId}]}" onto public com.tfkable.karty.dtos.RaportDTO com.tfkable.karty.controllers.RaportController.getRaport(java.lang.Long,org.springframework.ui.Model)
2021-02-08 13:38:16.715  INFO 35344 --- [main] s.w.s.m.m.a.RequestMappingHandlerMapping : Mapped "{[/index]}" onto public java.lang.String com.tfkable.karty.controllers.ReklamacjaController.index()
2021-02-08 13:38:16.716  INFO 35344 --- [main] s.w.s.m.m.a.RequestMappingHandlerMapping : Mapped "{[/]}" onto public java.lang.String com.tfkable.karty.controllers.ReklamacjaController.root()
2021-02-08 13:38:16.717  INFO 35344 --- [main] s.w.s.m.m.a.RequestMappingHandlerMapping : Mapped "{[/reklamacja/{reklamacjaId}]}" onto public java.lang.String com.tfkable.karty.controllers.ReklamacjaController.reklamacja(java.lang.Long,org.springframework.ui.Model,org.springframework.security.core.Authentication)
2021-02-08 13:38:16.717  INFO 35344 --- [main] s.w.s.m.m.a.RequestMappingHandlerMapping : Mapped "{[/reklamacje]}" onto public java.lang.String com.tfkable.karty.controllers.ReklamacjaController.reklamacje()
2021-02-08 13:38:16.718  INFO 35344 --- [main] s.w.s.m.m.a.RequestMappingHandlerMapping : Mapped "{[/wyszukaj]}" onto public com.tfkable.karty.dtos.ReklamacjaDTOContainer com.tfkable.karty.controllers.ReklamacjaController.wyszukaj(java.lang.Boolean,java.lang.Boolean,java.lang.Boolean,java.lang.Boolean,java.lang.Boolean,java.lang.Boolean,java.lang.Boolean,java.lang.Boolean,java.lang.Boolean,java.lang.Boolean,java.lang.Boolean,java.lang.Boolean,java.lang.Boolean)
2021-02-08 13:38:16.722  INFO 35344 --- [main] s.w.s.m.m.a.RequestMappingHandlerMapping : Mapped "{[/getReklamacje]}" onto public com.tfkable.karty.dtos.ReklamacjaDTOContainer com.tfkable.karty.controllers.ReklamacjaController.getReklamacje()
2021-02-08 13:38:16.724  INFO 35344 --- [main] s.w.s.m.m.a.RequestMappingHandlerMapping : Mapped "{[/fixwaga]}" onto public java.lang.String com.tfkable.karty.controllers.sap.FixWagaController.pobierzKosztySumaDTO(org.springframework.ui.Model)
2021-02-08 13:38:16.732  INFO 35344 --- [main] s.w.s.m.m.a.RequestMappingHandlerMapping : Mapped "{[/zwrotutworzony],methods=[POST]}" onto private javax.servlet.http.HttpServletResponse com.tfkable.karty.controllers.sap.PowiadomieniaSapController.odbierzPowiadomienieZwrot(com.tfkable.karty.dtos.ZwrotUtworzonyDTO,java.lang.String,javax.servlet.http.HttpServletResponse)
2021-02-08 13:38:16.734  INFO 35344 --- [main] s.w.s.m.m.a.RequestMappingHandlerMapping : Mapped "{[/korektautworzona],methods=[POST]}" onto private void com.tfkable.karty.controllers.sap.PowiadomieniaSapController.odbierzPowiadomienieKorekta()
2021-02-08 13:38:16.738  INFO 35344 --- [main] s.w.s.m.m.a.RequestMappingHandlerMapping : Mapped "{[/pobierzKorekteSAP/{numerFK}]}" onto public com.tfkable.karty.dtos.KorektaDTO com.tfkable.karty.controllers.sap.SapController.pobierzKorekteSAP(java.lang.String,org.springframework.ui.Model) throws java.net.UnknownHostException
2021-02-08 13:38:16.739  INFO 35344 --- [main] s.w.s.m.m.a.RequestMappingHandlerMapping : Mapped "{[/poberzDaneSAP]}" onto public com.tfkable.karty.dtos.WuzetkaDTO com.tfkable.karty.controllers.sap.SapController.poberzFaktureSAP(java.lang.String,org.springframework.ui.Model) throws java.net.UnknownHostException
2021-02-08 13:38:16.743  INFO 35344 --- [main] s.w.s.m.m.a.RequestMappingHandlerMapping : Mapped "{[/pobierzPartieRozliczeniowe/{reklamacjaId}]}" onto public java.util.Map<java.lang.Long, com.tfkable.karty.dtos.PartiaDTO> com.tfkable.karty.controllers.sap.SapPostepowanieRozliczenioweController.pobierzPartieRozliczeniowe(java.lang.Long)
2021-02-08 13:38:16.749  INFO 35344 --- [main] s.w.s.m.m.a.RequestMappingHandlerMapping : Mapped "{[/numerKorekty/{numerZadaniaKorekty}]}" onto public java.lang.String com.tfkable.karty.controllers.sap.SapZadanieKorektyController.pobierzNumerKorektyZSAP(org.springframework.ui.Model,java.lang.Long) throws java.net.UnknownHostException
2021-02-08 13:38:16.749  INFO 35344 --- [main] s.w.s.m.m.a.RequestMappingHandlerMapping : Mapped "{[/zadajKorekty/{reklamacjaId}],methods=[POST]}" onto public java.lang.Boolean com.tfkable.karty.controllers.sap.SapZadanieKorektyController.zadajKorfekty(java.lang.Long,java.util.List<com.tfkable.karty.dtos.PartiaDTO>)
2021-02-08 13:38:16.752  INFO 35344 --- [main] s.w.s.m.m.a.RequestMappingHandlerMapping : Mapped "{[/statusyDostaw/{numerReklamacjiRoczny}]}" onto public java.util.List<com.tfkable.karty.dtos.PartiaDTO> com.tfkable.karty.controllers.sap.ZwrotSapController.sprawdzStatusDostawy(org.springframework.ui.Model,java.lang.Long) throws java.net.UnknownHostException
2021-02-08 13:38:16.753  INFO 35344 --- [main] s.w.s.m.m.a.RequestMappingHandlerMapping : Mapped "{[/zadajZwrotu],methods=[POST]}" onto public com.tfkable.karty.dtos.MailDTO com.tfkable.karty.controllers.sap.ZwrotSapController.zadajZwrotu(java.util.List<com.tfkable.karty.dtos.PartiaDTO>)
2021-02-08 13:38:16.755  INFO 35344 --- [main] s.w.s.m.m.a.RequestMappingHandlerMapping : Mapped "{[/importusers]}" onto public java.lang.String com.tfkable.karty.controllers.UserImportController.importUsers()
2021-02-08 13:38:16.758  INFO 35344 --- [main] s.w.s.m.m.a.RequestMappingHandlerMapping : Mapped "{[/getUsers]}" onto public com.tfkable.karty.dtos.UsersContainer com.tfkable.karty.controllers.UsersController.findAll()
2021-02-08 13:38:16.759  INFO 35344 --- [main] s.w.s.m.m.a.RequestMappingHandlerMapping : Mapped "{[/getloged]}" onto public java.util.List<java.lang.String> com.tfkable.karty.controllers.UsersController.listLoggedInUsers()
2021-02-08 13:38:16.759  INFO 35344 --- [main] s.w.s.m.m.a.RequestMappingHandlerMapping : Mapped "{[/users]}" onto public java.lang.String com.tfkable.karty.controllers.UsersController.users()
2021-02-08 13:38:16.760  INFO 35344 --- [main] s.w.s.m.m.a.RequestMappingHandlerMapping : Mapped "{[/user/{id}]}" onto public java.lang.String com.tfkable.karty.controllers.UsersController.showUserDetails(java.lang.Long,org.springframework.ui.Model)
2021-02-08 13:38:16.760  INFO 35344 --- [main] s.w.s.m.m.a.RequestMappingHandlerMapping : Mapped "{[/usunDaneOsobowe],methods=[POST]}" onto public java.lang.String com.tfkable.karty.controllers.UsersController.usunDaneOsobowe(java.lang.Long,org.springframework.ui.Model)
2021-02-08 13:38:16.761  INFO 35344 --- [main] s.w.s.m.m.a.RequestMappingHandlerMapping : Mapped "{[/usunUsera],methods=[POST]}" onto public java.lang.String com.tfkable.karty.controllers.UsersController.usunUsera(java.lang.Long,org.springframework.ui.Model)
2021-02-08 13:38:16.763  INFO 35344 --- [main] s.w.s.m.m.a.RequestMappingHandlerMapping : Mapped "{[/newUser]}" onto public java.lang.String com.tfkable.karty.controllers.UsersController.newUser(org.springframework.ui.Model)
2021-02-08 13:38:16.763  INFO 35344 --- [main] s.w.s.m.m.a.RequestMappingHandlerMapping : Mapped "{[/saveUser],methods=[POST]}" onto public java.lang.String com.tfkable.karty.controllers.UsersController.saveUser(com.tfkable.karty.security.model.UserDTO)
2021-02-08 13:38:16.765  INFO 35344 --- [main] s.w.s.m.m.a.RequestMappingHandlerMapping : Mapped "{[/roczny]}" onto public java.lang.Long com.tfkable.karty.controllers.WniosekController.getNastepnyNumerRoczny()
2021-02-08 13:38:16.767  INFO 35344 --- [main] s.w.s.m.m.a.RequestMappingHandlerMapping : Mapped "{[/przeliczWartoscWniosku],methods=[POST]}" onto public com.tfkable.karty.dtos.WniosekKwotyDTO com.tfkable.karty.controllers.WniosekController.przeliczWartoscWniosku(java.util.List<com.tfkable.karty.dtos.PartiaDTO>)
2021-02-08 13:38:16.768  INFO 35344 --- [main] s.w.s.m.m.a.RequestMappingHandlerMapping : Mapped "{[/powiadomPrzyjecie],methods=[POST]}" onto public java.lang.Long com.tfkable.karty.controllers.WniosekController.powiadomPrzyjecie(com.tfkable.karty.dtos.PrzyjecieMailDTO)
2021-02-08 13:38:16.771  INFO 35344 --- [main] s.w.s.m.m.a.RequestMappingHandlerMapping : Mapped "{[/pobierzZapisanyWydzial/{wniosekId}]}" onto public java.lang.String com.tfkable.karty.controllers.WniosekController.pobierzZapisanyWydzial(java.lang.Long,org.springframework.ui.Model)
2021-02-08 13:38:16.772  INFO 35344 --- [main] s.w.s.m.m.a.RequestMappingHandlerMapping : Mapped "{[/wnioski]}" onto public java.lang.String com.tfkable.karty.controllers.WniosekController.wnioski()
2021-02-08 13:38:16.772  INFO 35344 --- [main] s.w.s.m.m.a.RequestMappingHandlerMapping : Mapped "{[/wniosekNowy]}" onto public java.lang.String com.tfkable.karty.controllers.WniosekController.wniosekKreator(com.tfkable.karty.dtos.WniosekDTO,org.springframework.ui.Model)
2021-02-08 13:38:16.773  INFO 35344 --- [main] s.w.s.m.m.a.RequestMappingHandlerMapping : Mapped "{[/zapiszNowa],methods=[POST]}" onto public com.tfkable.karty.dtos.PrzyjecieMailDTO com.tfkable.karty.controllers.WniosekController.zapiszNowa(com.tfkable.karty.dtos.WniosekDTO,org.springframework.ui.Model)
2021-02-08 13:38:16.773  INFO 35344 --- [main] s.w.s.m.m.a.RequestMappingHandlerMapping : Mapped "{[/edytujWniosek]}" onto public java.lang.String com.tfkable.karty.controllers.WniosekController.edytujWniosek(java.lang.Long,org.springframework.ui.Model)
2021-02-08 13:38:16.774  INFO 35344 --- [main] s.w.s.m.m.a.RequestMappingHandlerMapping : Mapped "{[/usunWniosek/{wniosekId}],methods=[DELETE]}" onto public java.lang.String com.tfkable.karty.controllers.WniosekController.usunWniosek(java.lang.Long,org.springframework.ui.Model)
2021-02-08 13:38:16.774  INFO 35344 --- [main] s.w.s.m.m.a.RequestMappingHandlerMapping : Mapped "{[/getWnioski]}" onto public com.tfkable.karty.dtos.WniosekDTOContainer com.tfkable.karty.controllers.WniosekController.getWnioski()
2021-02-08 13:38:16.775  INFO 35344 --- [main] s.w.s.m.m.a.RequestMappingHandlerMapping : Mapped "{[/updateOptions]}" onto public java.util.List<java.lang.String> com.tfkable.karty.controllers.WniosekController.updateOptions(java.lang.String)
2021-02-08 13:38:16.776  INFO 35344 --- [main] s.w.s.m.m.a.RequestMappingHandlerMapping : Mapped "{[/getWyroby/{wniosekId}]}" onto public java.util.Map<java.lang.String, com.tfkable.karty.dtos.WyrobDTO> com.tfkable.karty.controllers.WyrobyController.getWyroby(java.lang.Long,org.springframework.ui.Model)
2021-02-08 13:38:16.777  INFO 35344 --- [main] s.w.s.m.m.a.RequestMappingHandlerMapping : Mapped "{[/getWyrobyNowe/{wniosekId}]}" onto public java.util.Map<java.lang.String, com.tfkable.karty.dtos.WyrobDTO> com.tfkable.karty.controllers.WyrobyController.getWyrobyNowe(java.lang.Long,org.springframework.ui.Model)
2021-02-08 13:38:16.778  INFO 35344 --- [main] s.w.s.m.m.a.RequestMappingHandlerMapping : Mapped "{[/download/hrk04],methods=[GET]}" onto public org.springframework.http.ResponseEntity<byte[]> com.tfkable.karty.controllers.WzoryController.downloadHrk04() throws java.lang.Exception
2021-02-08 13:38:16.779  INFO 35344 --- [main] s.w.s.m.m.a.RequestMappingHandlerMapping : Mapped "{[/download/hrk02],methods=[GET]}" onto public org.springframework.http.ResponseEntity<byte[]> com.tfkable.karty.controllers.WzoryController.downloadHrk02() throws java.lang.Exception
2021-02-08 13:38:16.780  INFO 35344 --- [main] s.w.s.m.m.a.RequestMappingHandlerMapping : Mapped "{[/download/notatka],methods=[GET]}" onto public org.springframework.http.ResponseEntity<byte[]> com.tfkable.karty.controllers.WzoryController.downloadNotatka() throws java.lang.Exception
2021-02-08 13:38:16.782  INFO 35344 --- [main] s.w.s.m.m.a.RequestMappingHandlerMapping : Mapped "{[/zapiszZlom]}" onto public java.lang.String com.tfkable.karty.controllers.ZlomController.zapiszZlom(com.tfkable.karty.dtos.ZlomDTO)
2021-02-08 13:38:16.784  INFO 35344 --- [main] s.w.s.m.m.a.RequestMappingHandlerMapping : Mapped "{[/pobierzZlomy]}" onto public java.util.List<com.tfkable.karty.dtos.ZlomDTO> com.tfkable.karty.controllers.ZlomController.pobierzZlomy(java.lang.Long)
2021-02-08 13:38:16.784  INFO 35344 --- [main] s.w.s.m.m.a.RequestMappingHandlerMapping : Mapped "{[/pobierzZlomSuma/{reklamacjaId}]}" onto public java.math.BigDecimal com.tfkable.karty.controllers.ZlomController.pobierzZlomSuma(java.lang.Long)
2021-02-08 13:38:16.786  INFO 35344 --- [main] s.w.s.m.m.a.RequestMappingHandlerMapping : Mapped "{[/usunZlom/{zlomId}]}" onto public java.lang.String com.tfkable.karty.controllers.ZlomController.usunZlom(java.lang.Long)
2021-02-08 13:38:16.789  INFO 35344 --- [main] s.w.s.m.m.a.RequestMappingHandlerMapping : Mapped "{[/user/changePassword],methods=[GET]}" onto public java.lang.String com.tfkable.karty.security.controllers.PasswordResetController.showChangePasswordPage(java.util.Locale,org.springframework.ui.Model,long,java.lang.String,com.tfkable.karty.security.model.PasswordResetDTO)
2021-02-08 13:38:16.789  INFO 35344 --- [main] s.w.s.m.m.a.RequestMappingHandlerMapping : Mapped "{[/resetPassword],methods=[POST]}" onto public java.lang.String com.tfkable.karty.security.controllers.PasswordResetController.resetPasswordSave(com.tfkable.karty.security.model.PasswordResetDTO,org.springframework.validation.BindingResult,org.springframework.ui.Model,org.springframework.web.servlet.mvc.support.RedirectAttributes)
2021-02-08 13:38:16.792  INFO 35344 --- [main] s.w.s.m.m.a.RequestMappingHandlerMapping : Mapped "{[/forgot],methods=[GET]}" onto public java.lang.String com.tfkable.karty.security.controllers.PasswordResetController.forgot(com.tfkable.karty.security.model.EmailDTO4Reset)
2021-02-08 13:38:16.792  INFO 35344 --- [main] s.w.s.m.m.a.RequestMappingHandlerMapping : Mapped "{[/forgot],methods=[POST]}" onto public java.lang.String com.tfkable.karty.security.controllers.PasswordResetController.resetPassword(com.tfkable.karty.security.model.EmailDTO4Reset,org.springframework.validation.BindingResult,org.springframework.web.servlet.mvc.support.RedirectAttributes,javax.servlet.http.HttpServletRequest)
2021-02-08 13:38:16.800  INFO 35344 --- [main] s.w.s.m.m.a.RequestMappingHandlerMapping : Mapped "{[/register],methods=[GET]}" onto public java.lang.String com.tfkable.karty.security.controllers.SecurityController.registerShow(com.tfkable.karty.security.model.UserDTO4Registration)
2021-02-08 13:38:16.801  INFO 35344 --- [main] s.w.s.m.m.a.RequestMappingHandlerMapping : Mapped "{[/register],methods=[POST]}" onto public java.lang.String com.tfkable.karty.security.controllers.SecurityController.registerSave(com.tfkable.karty.security.model.UserDTO4Registration,org.springframework.validation.BindingResult,org.springframework.web.servlet.mvc.support.RedirectAttributes)
2021-02-08 13:38:16.802  INFO 35344 --- [main] s.w.s.m.m.a.RequestMappingHandlerMapping : Mapped "{[/login]}" onto public java.lang.String com.tfkable.karty.security.controllers.SecurityController.loginPageDisplay()
2021-02-08 13:38:16.811  INFO 35344 --- [main] s.w.s.m.m.a.RequestMappingHandlerMapping : Mapped "{[/error]}" onto public org.springframework.http.ResponseEntity<java.util.Map<java.lang.String, java.lang.Object>> org.springframework.boot.autoconfigure.web.servlet.error.BasicErrorController.error(javax.servlet.http.HttpServletRequest)
2021-02-08 13:38:16.813  INFO 35344 --- [main] s.w.s.m.m.a.RequestMappingHandlerMapping : Mapped "{[/error],produces=[text/html]}" onto public org.springframework.web.servlet.ModelAndView org.springframework.boot.autoconfigure.web.servlet.error.BasicErrorController.errorHtml(javax.servlet.http.HttpServletRequest,javax.servlet.http.HttpServletResponse)
2021-02-08 13:38:16.907  INFO 35344 --- [main] o.s.w.s.handler.SimpleUrlHandlerMapping  : Mapped URL path [/webjars/**] onto handler of type [class org.springframework.web.servlet.resource.ResourceHttpRequestHandler]
2021-02-08 13:38:16.907  INFO 35344 --- [main] o.s.w.s.handler.SimpleUrlHandlerMapping  : Mapped URL path [/**] onto handler of type [class org.springframework.web.servlet.resource.ResourceHttpRequestHandler]
2021-02-08 13:38:17.183  INFO 35344 --- [main] o.s.s.web.DefaultSecurityFilterChain     : Creating filter chain: org.springframework.security.web.util.matcher.AnyRequestMatcher@1, [org.springframework.security.web.context.request.async.WebAsyncManagerIntegrationFilter@600f5704, org.springframework.security.web.context.SecurityContextPersistenceFilter@79c5460e, org.springframework.security.web.header.HeaderWriterFilter@6732726, org.springframework.web.filter.CorsFilter@2503ec73, org.springframework.security.web.csrf.CsrfFilter@514de325, org.springframework.security.web.authentication.logout.LogoutFilter@26fb4d06, org.springframework.security.web.authentication.UsernamePasswordAuthenticationFilter@34b9eb03, org.springframework.security.web.session.ConcurrentSessionFilter@2fdf17dc, org.springframework.security.web.savedrequest.RequestCacheAwareFilter@4f94e148, org.springframework.security.web.servletapi.SecurityContextHolderAwareRequestFilter@7f37b6d9, org.springframework.security.web.authentication.AnonymousAuthenticationFilter@606f81b5, org.springframework.security.web.session.SessionManagementFilter@3d64c581, org.springframework.security.web.access.ExceptionTranslationFilter@201c3cda, org.springframework.security.web.access.intercept.FilterSecurityInterceptor@46a488c2]
2021-02-08 13:38:17.732  INFO 35344 --- [main] s.w.s.m.m.a.RequestMappingHandlerAdapter : Looking for @ControllerAdvice: org.springframework.boot.web.servlet.context.AnnotationConfigServletWebServerApplicationContext@4c583ecf: startup date [Mon Feb 08 13:37:36 CET 2021]; root of context hierarchy
2021-02-08 13:38:18.488  INFO 35344 --- [RMI TCP Connection(2)-172.16.100.220] inMXBeanRegistrar$SpringApplicationAdmin : Application shutdown requested.
2021-02-08 13:38:18.752  INFO 35344 --- [main] o.s.j.e.a.AnnotationMBeanExporter        : Registering beans for JMX exposure on startup
2021-02-08 13:38:18.760  INFO 35344 --- [main] o.s.j.e.a.AnnotationMBeanExporter        : Bean with name 'dataSource' has been autodetected for JMX exposure
2021-02-08 13:38:18.769  INFO 35344 --- [main] o.s.j.e.a.AnnotationMBeanExporter        : Located MBean 'dataSource': registering with JMX server as MBean [com.zaxxer.hikari:name=dataSource,type=HikariDataSource]
2021-02-08 13:38:18.796  INFO 35344 --- [RMI TCP Connection(3)-172.16.100.220] inMXBeanRegistrar$SpringApplicationAdmin : Application shutdown requested.
2021-02-08 13:38:19.010  INFO 35344 --- [RMI TCP Connection(4)-172.16.100.220] inMXBeanRegistrar$SpringApplicationAdmin : Application shutdown requested.
2021-02-08 13:38:19.152  INFO 35344 --- [RMI TCP Connection(5)-172.16.100.220] inMXBeanRegistrar$SpringApplicationAdmin : Application shutdown requested.
2021-02-08 13:38:19.198  INFO 35344 --- [main] o.s.b.w.embedded.tomcat.TomcatWebServer  : Tomcat started on port(s): 8075 (http) with context path ''
2021-02-08 13:38:19.202  INFO 35344 --- [main] com.tfkable.karty.ReklamacjeApplication  : Started ReklamacjeApplication in 43.991 seconds (JVM running for 46.259)
2021-02-08 13:38:19.206  INFO 35344 --- [RMI TCP Connection(5)-172.16.100.220] ConfigServletWebServerApplicationContext : Closing org.springframework.boot.web.servlet.context.AnnotationConfigServletWebServerApplicationContext@4c583ecf: startup date [Mon Feb 08 13:37:36 CET 2021]; root of context hierarchy
2021-02-08 13:38:19.233  INFO 35344 --- [RMI TCP Connection(5)-172.16.100.220] com.zaxxer.hikari.HikariDataSource       : HikariPool-1 - Shutdown initiated...
2021-02-08 13:38:19.254  INFO 35344 --- [RMI TCP Connection(5)-172.16.100.220] com.zaxxer.hikari.HikariDataSource       : HikariPool-1 - Shutdown completed.
