2021-01-16 21:29:09,869 INFO org.apache.commons.logging.impl.Jdk14Logger [main] Starting ReklamacjeApplication on jaroszp with PID 19876 (D:\TF_GIT_WORKSPACES\workspaceReklamacje\reklamacje\target\classes started by pawel.jarosz in D:\TF_GIT_WORKSPACES\workspaceReklamacje\reklamacje)
2021-01-16 21:29:09,876 INFO org.apache.commons.logging.impl.Jdk14Logger [main] No active profile set, falling back to default profiles: default
2021-01-16 21:29:10,351 INFO org.apache.commons.logging.impl.Jdk14Logger [main] Refreshing org.springframework.boot.web.servlet.context.AnnotationConfigServletWebServerApplicationContext@1ff4931d: startup date [Sat Jan 16 21:29:10 CET 2021]; root of context hierarchy
2021-01-16 21:29:16,606 INFO org.apache.commons.logging.impl.Jdk14Logger [main] Bean 'org.springframework.security.config.annotation.configuration.ObjectPostProcessorConfiguration' of type [org.springframework.security.config.annotation.configuration.ObjectPostProcessorConfiguration$$EnhancerBySpringCGLIB$$7660ac52] is not eligible for getting processed by all BeanPostProcessors (for example: not eligible for auto-proxying)
2021-01-16 21:29:16,640 INFO org.apache.commons.logging.impl.Jdk14Logger [main] Bean 'objectPostProcessor' of type [org.springframework.security.config.annotation.configuration.AutowireBeanFactoryObjectPostProcessor] is not eligible for getting processed by all BeanPostProcessors (for example: not eligible for auto-proxying)
2021-01-16 21:29:16,647 INFO org.apache.commons.logging.impl.Jdk14Logger [main] Bean 'org.springframework.security.access.expression.method.DefaultMethodSecurityExpressionHandler@6e0f7aad' of type [org.springframework.security.access.expression.method.DefaultMethodSecurityExpressionHandler] is not eligible for getting processed by all BeanPostProcessors (for example: not eligible for auto-proxying)
2021-01-16 21:29:16,666 INFO org.apache.commons.logging.impl.Jdk14Logger [main] Bean 'org.springframework.security.config.annotation.method.configuration.GlobalMethodSecurityConfiguration' of type [org.springframework.security.config.annotation.method.configuration.GlobalMethodSecurityConfiguration$$EnhancerBySpringCGLIB$$9b354f04] is not eligible for getting processed by all BeanPostProcessors (for example: not eligible for auto-proxying)
2021-01-16 21:29:16,712 INFO org.apache.commons.logging.impl.Jdk14Logger [main] Bean 'methodSecurityMetadataSource' of type [org.springframework.security.access.method.DelegatingMethodSecurityMetadataSource] is not eligible for getting processed by all BeanPostProcessors (for example: not eligible for auto-proxying)
2021-01-16 21:29:16,749 INFO org.apache.commons.logging.impl.Jdk14Logger [main] Bean 'org.springframework.transaction.annotation.ProxyTransactionManagementConfiguration' of type [org.springframework.transaction.annotation.ProxyTransactionManagementConfiguration$$EnhancerBySpringCGLIB$$ddb2e418] is not eligible for getting processed by all BeanPostProcessors (for example: not eligible for auto-proxying)
2021-01-16 21:29:17,979 INFO org.apache.commons.logging.impl.Jdk14Logger [main] Tomcat initialized with port(s): 8075 (http)
2021-01-16 21:29:18,013 INFO org.apache.juli.logging.DirectJDKLog [main] Initializing ProtocolHandler ["http-nio-8075"]
2021-01-16 21:29:18,042 INFO org.apache.juli.logging.DirectJDKLog [main] Starting service [Tomcat]
2021-01-16 21:29:18,043 INFO org.apache.juli.logging.DirectJDKLog [main] Starting Servlet Engine: Apache Tomcat/8.5.31
2021-01-16 21:29:18,123 INFO org.apache.juli.logging.DirectJDKLog [localhost-startStop-1] The APR based Apache Tomcat Native library which allows optimal performance in production environments was not found on the java.library.path: [C:\Program Files\Java\jre1.8.0_111\bin;C:\windows\Sun\Java\bin;C:\windows\system32;C:\windows;C:/Program Files/Java/jre1.8.0_111/bin/server;C:/Program Files/Java/jre1.8.0_111/bin;C:/Program Files/Java/jre1.8.0_111/lib/amd64;C:\ProgramData\Oracle\Java\javapath;C:\Program Files (x86)\RSA SecurID Token Common;C:\windows\system32;C:\windows;C:\windows\System32\Wbem;C:\windows\System32\WindowsPowerShell\v1.0\;C:\Program Files\TortoiseSVN\bin;C:\Program Files (x86)\Subversion\bin;C:\apache-ant-1.9.6;C:\apache-maven-3.3.9\bin;c:\php;C:\Program Files\nodejs\;C:\SAPJCo\sapjco30P_14-10005326;C:\Program Files\Git\cmd;C:\Program Files\TortoiseGit\bin;C:\Program Files\dotnet\;C:\Users\pawel.jarosz\AppData\Local\atom\bin;C:\Users\pawel.jarosz\AppData\Roaming\npm;C:\Gradle\gradle-4.4.1\bin;C:\STS\sts-bundle\sts-3.7.2.RELEASE;;.]
2021-01-16 21:29:18,454 INFO org.apache.juli.logging.DirectJDKLog [localhost-startStop-1] Initializing Spring embedded WebApplicationContext
2021-01-16 21:29:18,455 INFO org.apache.commons.logging.impl.Jdk14Logger [localhost-startStop-1] Root WebApplicationContext: initialization completed in 8105 ms
2021-01-16 21:29:19,432 INFO com.zaxxer.hikari.HikariDataSource [localhost-startStop-1] HikariPool-1 - Starting...
2021-01-16 21:29:20,180 INFO com.zaxxer.hikari.HikariDataSource [localhost-startStop-1] HikariPool-1 - Start completed.
2021-01-16 21:29:20,385 INFO org.apache.commons.logging.impl.Jdk14Logger [localhost-startStop-1] Building JPA container EntityManagerFactory for persistence unit 'default'
2021-01-16 21:29:20,440 INFO org.hibernate.jpa.internal.util.LogHelper [localhost-startStop-1] HHH000204: Processing PersistenceUnitInfo [
	name: default
	...]
2021-01-16 21:29:20,754 INFO org.hibernate.Version [localhost-startStop-1] HHH000412: Hibernate Core {5.2.17.Final}
2021-01-16 21:29:20,759 INFO org.hibernate.cfg.Environment [localhost-startStop-1] HHH000206: hibernate.properties not found
2021-01-16 21:29:20,911 INFO org.hibernate.annotations.common.reflection.java.JavaReflectionManager [localhost-startStop-1] HCANN000001: Hibernate Commons Annotations {5.0.1.Final}
2021-01-16 21:29:21,704 INFO org.hibernate.dialect.Dialect [localhost-startStop-1] HHH000400: Using dialect: org.hibernate.dialect.PostgreSQLDialect
2021-01-16 21:29:43,913 INFO org.hibernate.engine.jdbc.env.internal.LobCreatorBuilderImpl [localhost-startStop-1] HHH000421: Disabling contextual LOB creation as hibernate.jdbc.lob.non_contextual_creation is true
2021-01-16 21:29:43,917 INFO org.hibernate.type.BasicTypeRegistry [localhost-startStop-1] HHH000270: Type registration [java.util.UUID] overrides previous : org.hibernate.type.UUIDBinaryType@278abcd9
2021-01-16 21:29:51,299 INFO org.apache.commons.logging.impl.Jdk14Logger [localhost-startStop-1] Initialized JPA EntityManagerFactory for persistence unit 'default'
2021-01-16 21:29:53,612 INFO org.apache.commons.logging.impl.Jdk14Logger [localhost-startStop-1] Mapping filter: 'characterEncodingFilter' to: [/*]
2021-01-16 21:29:53,613 INFO org.apache.commons.logging.impl.Jdk14Logger [localhost-startStop-1] Mapping filter: 'hiddenHttpMethodFilter' to: [/*]
2021-01-16 21:29:53,613 INFO org.apache.commons.logging.impl.Jdk14Logger [localhost-startStop-1] Mapping filter: 'httpPutFormContentFilter' to: [/*]
2021-01-16 21:29:53,614 INFO org.apache.commons.logging.impl.Jdk14Logger [localhost-startStop-1] Mapping filter: 'requestContextFilter' to: [/*]
2021-01-16 21:29:53,615 INFO org.apache.commons.logging.impl.Jdk14Logger [localhost-startStop-1] Mapping filter: 'springSecurityFilterChain' to: [/*]
2021-01-16 21:29:53,617 INFO org.apache.commons.logging.impl.Jdk14Logger [localhost-startStop-1] Servlet dispatcherServlet mapped to [/]
2021-01-16 21:29:53,871 INFO org.apache.commons.logging.impl.Jdk14Logger [main] Executing SQL script from URL [file:/D:/TF_GIT_WORKSPACES/workspaceReklamacje/reklamacje/target/classes/data.sql]
2021-01-16 21:29:53,873 INFO org.apache.commons.logging.impl.Jdk14Logger [main] Executed SQL script from URL [file:/D:/TF_GIT_WORKSPACES/workspaceReklamacje/reklamacje/target/classes/data.sql] in 1 ms.
2021-01-16 21:29:56,903 INFO org.hibernate.hql.internal.QueryTranslatorFactoryInitiator [main] HHH000397: Using ASTQueryTranslatorFactory
2021-01-16 21:29:57,875 INFO org.apache.commons.logging.impl.Jdk14Logger [main] Mapped URL path [/**/favicon.ico] onto handler of type [class org.springframework.web.servlet.resource.ResourceHttpRequestHandler]
2021-01-16 21:29:57,909 WARN org.apache.commons.logging.impl.Jdk14Logger [main] spring.jpa.open-in-view is enabled by default. Therefore, database queries may be performed during view rendering. Explicitly configure spring.jpa.open-in-view to disable this warning
2021-01-16 21:29:58,044 INFO org.apache.commons.logging.impl.Jdk14Logger [main] Mapped "{[/usunreklamacje/{id}]}" onto public java.lang.String com.tfkable.karty.controllers.AdminBackdoorController.usunReklamacje(java.lang.Long)
2021-01-16 21:29:58,050 INFO org.apache.commons.logging.impl.Jdk14Logger [main] Mapped "{[/download/raport1],methods=[GET]}" onto public org.springframework.http.ResponseEntity<byte[]> com.tfkable.karty.controllers.ExcelController.downloadRaport1() throws java.lang.Exception
2021-01-16 21:29:58,054 INFO org.apache.commons.logging.impl.Jdk14Logger [main] Mapped "{[/download/raport2],methods=[GET]}" onto public org.springframework.http.ResponseEntity<byte[]> com.tfkable.karty.controllers.ExcelController.downloadRaport2() throws java.lang.Exception
2021-01-16 21:29:58,060 INFO org.apache.commons.logging.impl.Jdk14Logger [main] Mapped "{[/getKlienci]}" onto public java.util.List<com.tfkable.karty.dtos.KlientDTO> com.tfkable.karty.controllers.KlientController.getKlienci()
2021-01-16 21:29:58,061 INFO org.apache.commons.logging.impl.Jdk14Logger [main] Mapped "{[/klienci]}" onto public java.lang.String com.tfkable.karty.controllers.KlientController.klienci()
2021-01-16 21:29:58,063 INFO org.apache.commons.logging.impl.Jdk14Logger [main] Mapped "{[/pobierzWyrobyKorygowane/{reklamacjaId}],methods=[GET]}" onto public com.tfkable.karty.dtos.KontenerWyrobKorygowanyDTO com.tfkable.karty.controllers.KorektaController.pobierzWyrobyKorygowane(java.lang.Long) throws java.net.UnknownHostException
2021-01-16 21:29:58,064 INFO org.apache.commons.logging.impl.Jdk14Logger [main] Mapped "{[/zapiszKorekte/{reklamacjaId}],methods=[POST]}" onto public com.tfkable.karty.dtos.KontenerWyrobKorygowanyDTO com.tfkable.karty.controllers.KorektaController.zapiszKorekte(java.util.List<com.tfkable.karty.dtos.WyrobKorygowanyDTO>,java.lang.Long) throws java.net.UnknownHostException
2021-01-16 21:29:58,066 INFO org.apache.commons.logging.impl.Jdk14Logger [main] Mapped "{[/usunKorekte/{korektaId}],methods=[DELETE]}" onto public com.tfkable.karty.dtos.KontenerWyrobKorygowanyDTO com.tfkable.karty.controllers.KorektaController.usunKorekte(java.lang.Long) throws java.net.UnknownHostException
2021-01-16 21:29:58,070 INFO org.apache.commons.logging.impl.Jdk14Logger [main] Mapped "{[/zapiszIlosciUznane],methods=[POST]}" onto public com.tfkable.karty.dtos.KosztySumaDTO com.tfkable.karty.controllers.KosztyController.zapiszIlosciUznane(java.util.List<java.lang.String>)
2021-01-16 21:29:58,071 INFO org.apache.commons.logging.impl.Jdk14Logger [main] Mapped "{[/zapiszIlosciUznanePartii],methods=[POST]}" onto public com.tfkable.karty.dtos.KosztySumaDTO com.tfkable.karty.controllers.KosztyController.zapiszIlosciUznanePartii(java.util.List<java.lang.String>)
2021-01-16 21:29:58,072 INFO org.apache.commons.logging.impl.Jdk14Logger [main] Mapped "{[/zapiszDodatkoweKoszty/{reklamacjaId}],methods=[POST]}" onto public java.lang.String com.tfkable.karty.controllers.KosztyController.zapiszDodatkoweKoszty(java.util.List<com.tfkable.karty.dtos.DodatkowyKosztDTO>,java.lang.Long)
2021-01-16 21:29:58,073 INFO org.apache.commons.logging.impl.Jdk14Logger [main] Mapped "{[/pobierzKosztySumaDTO/{reklamacjaId}]}" onto public com.tfkable.karty.dtos.KosztySumaDTO com.tfkable.karty.controllers.KosztyController.pobierzKosztySumaDTO(java.lang.Long,org.springframework.ui.Model)
2021-01-16 21:29:58,073 INFO org.apache.commons.logging.impl.Jdk14Logger [main] Mapped "{[/getSumaWszystkichKosztow/{reklamacjaId}]}" onto public com.tfkable.karty.dtos.SumaWszystkichKosztowDTO com.tfkable.karty.controllers.KosztyController.getSumaWszystkichKosztow(java.lang.Long)
2021-01-16 21:29:58,074 INFO org.apache.commons.logging.impl.Jdk14Logger [main] Mapped "{[/getReklamowaneKoszty/{wniosekId}]}" onto public java.util.Map<java.lang.String, com.tfkable.karty.dtos.WyrobDTO> com.tfkable.karty.controllers.KosztyController.getReklamowaneKoszty(java.lang.Long,org.springframework.ui.Model)
2021-01-16 21:29:58,075 INFO org.apache.commons.logging.impl.Jdk14Logger [main] Mapped "{[/getDodatkoweKoszty/{kosztyId}]}" onto public java.util.Map<java.lang.String, com.tfkable.karty.dtos.DodatkowyKosztDTO> com.tfkable.karty.controllers.KosztyController.getDodatkoweKoszty(java.lang.Long)
2021-01-16 21:29:58,076 INFO org.apache.commons.logging.impl.Jdk14Logger [main] Mapped "{[/pobierzDodatoweKosztySumaDTO/{reklamacjaId}]}" onto public com.tfkable.karty.dtos.DodatkoweKosztySumaDTO com.tfkable.karty.controllers.KosztyController.pobierzDodatoweKosztySumaDTO(java.lang.Long)
2021-01-16 21:29:58,079 INFO org.apache.commons.logging.impl.Jdk14Logger [main] Mapped "{[/rozlicz/{reklamacjaId}],methods=[POST]}" onto public java.time.LocalDate com.tfkable.karty.controllers.KosztyController.rozlicz(java.lang.Long)
2021-01-16 21:29:58,082 INFO org.apache.commons.logging.impl.Jdk14Logger [main] Mapped "{[/uznaj/{reklamacjaId}],methods=[POST]}" onto public java.time.LocalDate com.tfkable.karty.controllers.KosztyController.uznaj(java.lang.Long)
2021-01-16 21:29:58,082 INFO org.apache.commons.logging.impl.Jdk14Logger [main] Mapped "{[/edytujKoszty]}" onto public java.lang.String com.tfkable.karty.controllers.KosztyController.edytujKoszty(java.lang.Long,org.springframework.ui.Model)
2021-01-16 21:29:58,083 INFO org.apache.commons.logging.impl.Jdk14Logger [main] Mapped "{[/usunDK/{dkid}]}" onto public java.lang.String com.tfkable.karty.controllers.KosztyController.usunDK(java.lang.Long)
2021-01-16 21:29:58,085 INFO org.apache.commons.logging.impl.Jdk14Logger [main] Mapped "{[/zapiszPliki],methods=[POST]}" onto public java.lang.String com.tfkable.karty.controllers.PlikiController.zapiszPliki(com.tfkable.karty.dtos.PlikDTO,org.springframework.web.multipart.MultipartFile[])
2021-01-16 21:29:58,086 INFO org.apache.commons.logging.impl.Jdk14Logger [main] Mapped "{[/getPliki/{id}]}" onto public java.util.List<com.tfkable.karty.dtos.PlikDTO> com.tfkable.karty.controllers.PlikiController.getPliki(java.lang.Long)
2021-01-16 21:29:58,087 INFO org.apache.commons.logging.impl.Jdk14Logger [main] Mapped "{[/download/{id}],methods=[GET]}" onto public org.springframework.http.ResponseEntity<byte[]> com.tfkable.karty.controllers.PlikiController.downloadFile(java.lang.Long) throws java.lang.Exception
2021-01-16 21:29:58,088 INFO org.apache.commons.logging.impl.Jdk14Logger [main] Mapped "{[/priorytety],methods=[GET]}" onto public org.springframework.http.ResponseEntity<byte[]> com.tfkable.karty.controllers.PlikiController.priorytety() throws java.lang.Exception
2021-01-16 21:29:58,089 INFO org.apache.commons.logging.impl.Jdk14Logger [main] Mapped "{[/delete/{id}]}" onto public java.lang.String com.tfkable.karty.controllers.PlikiController.deleteFile(java.lang.Long)
2021-01-16 21:29:58,091 INFO org.apache.commons.logging.impl.Jdk14Logger [main] Mapped "{[/download/postepowanie/{postepowanieId}],methods=[GET]}" onto public org.springframework.http.ResponseEntity<byte[]> com.tfkable.karty.controllers.PostepowanieController.getDownloadDataAll(java.lang.Long) throws java.lang.Exception
2021-01-16 21:29:58,092 INFO org.apache.commons.logging.impl.Jdk14Logger [main] Mapped "{[/rozpocznijPostepowanie]}" onto public java.lang.String com.tfkable.karty.controllers.PostepowanieController.rozpocznijPostepowanie(java.lang.Long,com.tfkable.karty.dtos.PostepowanieDTO,org.springframework.ui.Model)
2021-01-16 21:29:58,092 INFO org.apache.commons.logging.impl.Jdk14Logger [main] Mapped "{[/edytujPostepowanie]}" onto public java.lang.String com.tfkable.karty.controllers.PostepowanieController.edytujPostepowanie(java.lang.Long,org.springframework.ui.Model)
2021-01-16 21:29:58,093 INFO org.apache.commons.logging.impl.Jdk14Logger [main] Mapped "{[/wyslijPowiadomienieOpostpowaniu],methods=[POST]}" onto public java.lang.String com.tfkable.karty.controllers.PostepowanieController.wyslijPowiadomienieOpostpowaniu(com.tfkable.karty.dtos.WiadomoscDTO,org.springframework.ui.Model)
2021-01-16 21:29:58,097 INFO org.apache.commons.logging.impl.Jdk14Logger [main] Mapped "{[/zapiszPostepowanie],methods=[POST]}" onto public java.lang.Long com.tfkable.karty.controllers.PostepowanieController.zapiszPostepowanie(com.tfkable.karty.dtos.PostepowanieDTO,org.springframework.ui.Model)
2021-01-16 21:29:58,101 INFO org.apache.commons.logging.impl.Jdk14Logger [main] Mapped "{[/getPostepowania/{reklamacjaId}]}" onto public java.util.List<com.tfkable.karty.dtos.PostepowanieDTO> com.tfkable.karty.controllers.PostepowanieController.getPostepowania(java.lang.Long,org.springframework.ui.Model)
2021-01-16 21:29:58,102 INFO org.apache.commons.logging.impl.Jdk14Logger [main] Mapped "{[/usunPostepowanie/{postepowanieId}]}" onto public java.lang.String com.tfkable.karty.controllers.PostepowanieController.usunPostepowanie(java.lang.Long)
2021-01-16 21:29:58,104 INFO org.apache.commons.logging.impl.Jdk14Logger [main] Mapped "{[/getPostepowanie/{postepowanieId}]}" onto public com.tfkable.karty.dtos.PostepowanieDTO com.tfkable.karty.controllers.PostepowanieController.getPostepowanie(java.lang.Long,org.springframework.ui.Model)
2021-01-16 21:29:58,105 INFO org.apache.commons.logging.impl.Jdk14Logger [main] Mapped "{[/getDaneDoPowiadomieniaOpostpowaniu/{postepowanieId}]}" onto public com.tfkable.karty.dtos.PowiadomienieDTO com.tfkable.karty.controllers.PostepowanieController.getDaneDoPowiadomieniaOpostpowaniu(java.lang.Long,org.springframework.ui.Model)
2021-01-16 21:29:58,109 INFO org.apache.commons.logging.impl.Jdk14Logger [main] Mapped "{[/download/raport/{raportId}],methods=[GET]}" onto public org.springframework.http.ResponseEntity<byte[]> com.tfkable.karty.controllers.RaportController.getDownloadDataAll(java.lang.Long) throws java.lang.Exception
2021-01-16 21:29:58,110 INFO org.apache.commons.logging.impl.Jdk14Logger [main] Mapped "{[/zapiszRaport],methods=[POST]}" onto public java.lang.Long com.tfkable.karty.controllers.RaportController.zapiszRaport(com.tfkable.karty.dtos.RaportDTO,org.springframework.ui.Model)
2021-01-16 21:29:58,113 INFO org.apache.commons.logging.impl.Jdk14Logger [main] Mapped "{[/edytujRaport]}" onto public java.lang.String com.tfkable.karty.controllers.RaportController.edytujRaport(java.lang.Long,org.springframework.ui.Model)
2021-01-16 21:29:58,115 INFO org.apache.commons.logging.impl.Jdk14Logger [main] Mapped "{[/usunRaport/{raportId}]}" onto public java.lang.String com.tfkable.karty.controllers.RaportController.usunRaport(java.lang.Long)
2021-01-16 21:29:58,116 INFO org.apache.commons.logging.impl.Jdk14Logger [main] Mapped "{[/zatwierdzraport/{raportId}]}" onto public java.lang.String com.tfkable.karty.controllers.RaportController.zatwierdzRaport(java.lang.Long)
2021-01-16 21:29:58,117 INFO org.apache.commons.logging.impl.Jdk14Logger [main] Mapped "{[/getRaporty/{reklamacjaId}]}" onto public java.util.List<com.tfkable.karty.dtos.RaportDTO> com.tfkable.karty.controllers.RaportController.getRaporty(java.lang.Long,org.springframework.ui.Model)
2021-01-16 21:29:58,118 INFO org.apache.commons.logging.impl.Jdk14Logger [main] Mapped "{[/getRaport/{raportId}]}" onto public com.tfkable.karty.dtos.RaportDTO com.tfkable.karty.controllers.RaportController.getRaport(java.lang.Long,org.springframework.ui.Model)
2021-01-16 21:29:58,120 INFO org.apache.commons.logging.impl.Jdk14Logger [main] Mapped "{[/index]}" onto public java.lang.String com.tfkable.karty.controllers.ReklamacjaController.index()
2021-01-16 21:29:58,120 INFO org.apache.commons.logging.impl.Jdk14Logger [main] Mapped "{[/]}" onto public java.lang.String com.tfkable.karty.controllers.ReklamacjaController.root()
2021-01-16 21:29:58,121 INFO org.apache.commons.logging.impl.Jdk14Logger [main] Mapped "{[/reklamacja/{reklamacjaId}]}" onto public java.lang.String com.tfkable.karty.controllers.ReklamacjaController.reklamacja(java.lang.Long,org.springframework.ui.Model,org.springframework.security.core.Authentication)
2021-01-16 21:29:58,122 INFO org.apache.commons.logging.impl.Jdk14Logger [main] Mapped "{[/reklamacje]}" onto public java.lang.String com.tfkable.karty.controllers.ReklamacjaController.reklamacje()
2021-01-16 21:29:58,123 INFO org.apache.commons.logging.impl.Jdk14Logger [main] Mapped "{[/wyszukaj]}" onto public com.tfkable.karty.dtos.ReklamacjaDTOContainer com.tfkable.karty.controllers.ReklamacjaController.wyszukaj(java.lang.Boolean,java.lang.Boolean,java.lang.Boolean,java.lang.Boolean,java.lang.Boolean,java.lang.Boolean,java.lang.Boolean,java.lang.Boolean,java.lang.Boolean,java.lang.Boolean,java.lang.Boolean,java.lang.Boolean,java.lang.Boolean)
2021-01-16 21:29:58,123 INFO org.apache.commons.logging.impl.Jdk14Logger [main] Mapped "{[/getReklamacje]}" onto public com.tfkable.karty.dtos.ReklamacjaDTOContainer com.tfkable.karty.controllers.ReklamacjaController.getReklamacje()
2021-01-16 21:29:58,124 INFO org.apache.commons.logging.impl.Jdk14Logger [main] Mapped "{[/fixwaga]}" onto public java.lang.String com.tfkable.karty.controllers.sap.FixWagaController.pobierzKosztySumaDTO(org.springframework.ui.Model)
2021-01-16 21:29:58,128 INFO org.apache.commons.logging.impl.Jdk14Logger [main] Mapped "{[/zwrotutworzony],methods=[POST]}" onto private javax.servlet.http.HttpServletResponse com.tfkable.karty.controllers.sap.PowiadomieniaSapController.odbierzPowiadomienieZwrot(com.tfkable.karty.dtos.ZwrotUtworzonyDTO,java.lang.String,javax.servlet.http.HttpServletResponse)
2021-01-16 21:29:58,130 INFO org.apache.commons.logging.impl.Jdk14Logger [main] Mapped "{[/korektautworzona],methods=[POST]}" onto private void com.tfkable.karty.controllers.sap.PowiadomieniaSapController.odbierzPowiadomienieKorekta()
2021-01-16 21:29:58,132 INFO org.apache.commons.logging.impl.Jdk14Logger [main] Mapped "{[/pobierzKorekteSAP/{numerFK}]}" onto public com.tfkable.karty.dtos.KorektaDTO com.tfkable.karty.controllers.sap.SapController.pobierzKorekteSAP(java.lang.String,org.springframework.ui.Model) throws java.net.UnknownHostException
2021-01-16 21:29:58,133 INFO org.apache.commons.logging.impl.Jdk14Logger [main] Mapped "{[/poberzDaneSAP]}" onto public com.tfkable.karty.dtos.WuzetkaDTO com.tfkable.karty.controllers.sap.SapController.poberzFaktureSAP(java.lang.String,org.springframework.ui.Model) throws java.net.UnknownHostException
2021-01-16 21:29:58,135 INFO org.apache.commons.logging.impl.Jdk14Logger [main] Mapped "{[/pobierzPartieRozliczeniowe/{reklamacjaId}]}" onto public java.util.Map<java.lang.Long, com.tfkable.karty.dtos.PartiaDTO> com.tfkable.karty.controllers.sap.SapPostepowanieRozliczenioweController.pobierzPartieRozliczeniowe(java.lang.Long)
2021-01-16 21:29:58,136 INFO org.apache.commons.logging.impl.Jdk14Logger [main] Mapped "{[/numerKorekty/{numerZadaniaKorekty}]}" onto public java.lang.String com.tfkable.karty.controllers.sap.SapZadanieKorektyController.pobierzNumerKorektyZSAP(org.springframework.ui.Model,java.lang.Long) throws java.net.UnknownHostException
2021-01-16 21:29:58,137 INFO org.apache.commons.logging.impl.Jdk14Logger [main] Mapped "{[/zadajKorekty/{reklamacjaId}],methods=[POST]}" onto public com.tfkable.karty.dtos.MailDTO com.tfkable.karty.controllers.sap.SapZadanieKorektyController.zadajKorfekty(java.lang.Long,java.util.List<com.tfkable.karty.dtos.PartiaDTO>)
2021-01-16 21:29:58,138 INFO org.apache.commons.logging.impl.Jdk14Logger [main] Mapped "{[/wyslijMailaZK],methods=[POST]}" onto public java.lang.String com.tfkable.karty.controllers.sap.SapZadanieKorektyController.wyslijMailaZK(java.lang.String,java.lang.Long,java.util.List<java.lang.Long>) throws java.net.UnknownHostException
2021-01-16 21:29:58,139 INFO org.apache.commons.logging.impl.Jdk14Logger [main] Mapped "{[/statusyDostaw/{numerReklamacjiRoczny}]}" onto public java.util.List<com.tfkable.karty.dtos.PartiaDTO> com.tfkable.karty.controllers.sap.ZwrotSapController.sprawdzStatusDostawy(org.springframework.ui.Model,java.lang.Long) throws java.net.UnknownHostException
2021-01-16 21:29:58,140 INFO org.apache.commons.logging.impl.Jdk14Logger [main] Mapped "{[/zadajZwrotu],methods=[POST]}" onto public com.tfkable.karty.dtos.MailDTO com.tfkable.karty.controllers.sap.ZwrotSapController.zadajZwrotu(java.util.List<com.tfkable.karty.dtos.PartiaDTO>)
2021-01-16 21:29:58,141 INFO org.apache.commons.logging.impl.Jdk14Logger [main] Mapped "{[/importusers]}" onto public java.lang.String com.tfkable.karty.controllers.UserImportController.importUsers()
2021-01-16 21:29:58,143 INFO org.apache.commons.logging.impl.Jdk14Logger [main] Mapped "{[/getUsers]}" onto public com.tfkable.karty.dtos.UsersContainer com.tfkable.karty.controllers.UsersController.findAll()
2021-01-16 21:29:58,146 INFO org.apache.commons.logging.impl.Jdk14Logger [main] Mapped "{[/getloged]}" onto public java.util.List<java.lang.String> com.tfkable.karty.controllers.UsersController.listLoggedInUsers()
2021-01-16 21:29:58,148 INFO org.apache.commons.logging.impl.Jdk14Logger [main] Mapped "{[/users]}" onto public java.lang.String com.tfkable.karty.controllers.UsersController.users()
2021-01-16 21:29:58,149 INFO org.apache.commons.logging.impl.Jdk14Logger [main] Mapped "{[/user/{id}]}" onto public java.lang.String com.tfkable.karty.controllers.UsersController.showUserDetails(java.lang.Long,org.springframework.ui.Model)
2021-01-16 21:29:58,150 INFO org.apache.commons.logging.impl.Jdk14Logger [main] Mapped "{[/usunDaneOsobowe],methods=[POST]}" onto public java.lang.String com.tfkable.karty.controllers.UsersController.usunDaneOsobowe(java.lang.Long,org.springframework.ui.Model)
2021-01-16 21:29:58,151 INFO org.apache.commons.logging.impl.Jdk14Logger [main] Mapped "{[/usunUsera],methods=[POST]}" onto public java.lang.String com.tfkable.karty.controllers.UsersController.usunUsera(java.lang.Long,org.springframework.ui.Model)
2021-01-16 21:29:58,152 INFO org.apache.commons.logging.impl.Jdk14Logger [main] Mapped "{[/newUser]}" onto public java.lang.String com.tfkable.karty.controllers.UsersController.newUser(org.springframework.ui.Model)
2021-01-16 21:29:58,152 INFO org.apache.commons.logging.impl.Jdk14Logger [main] Mapped "{[/saveUser],methods=[POST]}" onto public java.lang.String com.tfkable.karty.controllers.UsersController.saveUser(com.tfkable.karty.security.model.UserDTO)
2021-01-16 21:29:58,154 INFO org.apache.commons.logging.impl.Jdk14Logger [main] Mapped "{[/roczny]}" onto public java.lang.Long com.tfkable.karty.controllers.WniosekController.getNastepnyNumerRoczny()
2021-01-16 21:29:58,168 INFO org.apache.commons.logging.impl.Jdk14Logger [main] Mapped "{[/przeliczWartoscWniosku],methods=[POST]}" onto public com.tfkable.karty.dtos.WniosekKwotyDTO com.tfkable.karty.controllers.WniosekController.przeliczWartoscWniosku(java.util.List<com.tfkable.karty.dtos.PartiaDTO>)
2021-01-16 21:29:58,169 INFO org.apache.commons.logging.impl.Jdk14Logger [main] Mapped "{[/powiadomPrzyjecie],methods=[POST]}" onto public java.lang.Long com.tfkable.karty.controllers.WniosekController.powiadomPrzyjecie(com.tfkable.karty.dtos.PrzyjecieMailDTO)
2021-01-16 21:29:58,170 INFO org.apache.commons.logging.impl.Jdk14Logger [main] Mapped "{[/pobierzZapisanyWydzial/{wniosekId}]}" onto public java.lang.String com.tfkable.karty.controllers.WniosekController.pobierzZapisanyWydzial(java.lang.Long,org.springframework.ui.Model)
2021-01-16 21:29:58,171 INFO org.apache.commons.logging.impl.Jdk14Logger [main] Mapped "{[/wnioski]}" onto public java.lang.String com.tfkable.karty.controllers.WniosekController.wnioski()
2021-01-16 21:29:58,171 INFO org.apache.commons.logging.impl.Jdk14Logger [main] Mapped "{[/wniosekNowy]}" onto public java.lang.String com.tfkable.karty.controllers.WniosekController.wniosekKreator(com.tfkable.karty.dtos.WniosekDTO,org.springframework.ui.Model)
2021-01-16 21:29:58,172 INFO org.apache.commons.logging.impl.Jdk14Logger [main] Mapped "{[/zapiszNowa],methods=[POST]}" onto public com.tfkable.karty.dtos.PrzyjecieMailDTO com.tfkable.karty.controllers.WniosekController.zapiszNowa(com.tfkable.karty.dtos.WniosekDTO,org.springframework.ui.Model)
2021-01-16 21:29:58,173 INFO org.apache.commons.logging.impl.Jdk14Logger [main] Mapped "{[/edytujWniosek]}" onto public java.lang.String com.tfkable.karty.controllers.WniosekController.edytujWniosek(java.lang.Long,org.springframework.ui.Model)
2021-01-16 21:29:58,174 INFO org.apache.commons.logging.impl.Jdk14Logger [main] Mapped "{[/usunWniosek/{wniosekId}],methods=[DELETE]}" onto public java.lang.String com.tfkable.karty.controllers.WniosekController.usunWniosek(java.lang.Long,org.springframework.ui.Model)
2021-01-16 21:29:58,175 INFO org.apache.commons.logging.impl.Jdk14Logger [main] Mapped "{[/getWnioski]}" onto public com.tfkable.karty.dtos.WniosekDTOContainer com.tfkable.karty.controllers.WniosekController.getWnioski()
2021-01-16 21:29:58,176 INFO org.apache.commons.logging.impl.Jdk14Logger [main] Mapped "{[/updateOptions]}" onto public java.util.List<java.lang.String> com.tfkable.karty.controllers.WniosekController.updateOptions(java.lang.String)
2021-01-16 21:29:58,177 INFO org.apache.commons.logging.impl.Jdk14Logger [main] Mapped "{[/getWyroby/{wniosekId}]}" onto public java.util.Map<java.lang.String, com.tfkable.karty.dtos.WyrobDTO> com.tfkable.karty.controllers.WyrobyController.getWyroby(java.lang.Long,org.springframework.ui.Model)
2021-01-16 21:29:58,178 INFO org.apache.commons.logging.impl.Jdk14Logger [main] Mapped "{[/getWyrobyNowe/{wniosekId}]}" onto public java.util.Map<java.lang.String, com.tfkable.karty.dtos.WyrobDTO> com.tfkable.karty.controllers.WyrobyController.getWyrobyNowe(java.lang.Long,org.springframework.ui.Model)
2021-01-16 21:29:58,179 INFO org.apache.commons.logging.impl.Jdk14Logger [main] Mapped "{[/download/hrk02],methods=[GET]}" onto public org.springframework.http.ResponseEntity<byte[]> com.tfkable.karty.controllers.WzoryController.downloadHrk02() throws java.lang.Exception
2021-01-16 21:29:58,180 INFO org.apache.commons.logging.impl.Jdk14Logger [main] Mapped "{[/download/hrk04],methods=[GET]}" onto public org.springframework.http.ResponseEntity<byte[]> com.tfkable.karty.controllers.WzoryController.downloadHrk04() throws java.lang.Exception
2021-01-16 21:29:58,181 INFO org.apache.commons.logging.impl.Jdk14Logger [main] Mapped "{[/download/notatka],methods=[GET]}" onto public org.springframework.http.ResponseEntity<byte[]> com.tfkable.karty.controllers.WzoryController.downloadNotatka() throws java.lang.Exception
2021-01-16 21:29:58,202 INFO org.apache.commons.logging.impl.Jdk14Logger [main] Mapped "{[/zapiszZlom]}" onto public java.lang.String com.tfkable.karty.controllers.ZlomController.zapiszZlom(com.tfkable.karty.dtos.ZlomDTO)
2021-01-16 21:29:58,205 INFO org.apache.commons.logging.impl.Jdk14Logger [main] Mapped "{[/pobierzZlomy]}" onto public java.util.List<com.tfkable.karty.dtos.ZlomDTO> com.tfkable.karty.controllers.ZlomController.pobierzZlomy(java.lang.Long)
2021-01-16 21:29:58,207 INFO org.apache.commons.logging.impl.Jdk14Logger [main] Mapped "{[/pobierzZlomSuma/{reklamacjaId}]}" onto public java.math.BigDecimal com.tfkable.karty.controllers.ZlomController.pobierzZlomSuma(java.lang.Long)
2021-01-16 21:29:58,208 INFO org.apache.commons.logging.impl.Jdk14Logger [main] Mapped "{[/usunZlom/{zlomId}]}" onto public java.lang.String com.tfkable.karty.controllers.ZlomController.usunZlom(java.lang.Long)
2021-01-16 21:29:58,210 INFO org.apache.commons.logging.impl.Jdk14Logger [main] Mapped "{[/user/changePassword],methods=[GET]}" onto public java.lang.String com.tfkable.karty.security.controllers.PasswordResetController.showChangePasswordPage(java.util.Locale,org.springframework.ui.Model,long,java.lang.String,com.tfkable.karty.security.model.PasswordResetDTO)
2021-01-16 21:29:58,214 INFO org.apache.commons.logging.impl.Jdk14Logger [main] Mapped "{[/resetPassword],methods=[POST]}" onto public java.lang.String com.tfkable.karty.security.controllers.PasswordResetController.resetPasswordSave(com.tfkable.karty.security.model.PasswordResetDTO,org.springframework.validation.BindingResult,org.springframework.ui.Model,org.springframework.web.servlet.mvc.support.RedirectAttributes)
2021-01-16 21:29:58,216 INFO org.apache.commons.logging.impl.Jdk14Logger [main] Mapped "{[/forgot],methods=[GET]}" onto public java.lang.String com.tfkable.karty.security.controllers.PasswordResetController.forgot(com.tfkable.karty.security.model.EmailDTO4Reset)
2021-01-16 21:29:58,225 INFO org.apache.commons.logging.impl.Jdk14Logger [main] Mapped "{[/forgot],methods=[POST]}" onto public java.lang.String com.tfkable.karty.security.controllers.PasswordResetController.resetPassword(com.tfkable.karty.security.model.EmailDTO4Reset,org.springframework.validation.BindingResult,org.springframework.web.servlet.mvc.support.RedirectAttributes,javax.servlet.http.HttpServletRequest)
2021-01-16 21:29:58,226 INFO org.apache.commons.logging.impl.Jdk14Logger [main] Mapped "{[/register],methods=[GET]}" onto public java.lang.String com.tfkable.karty.security.controllers.SecurityController.registerShow(com.tfkable.karty.security.model.UserDTO4Registration)
2021-01-16 21:29:58,227 INFO org.apache.commons.logging.impl.Jdk14Logger [main] Mapped "{[/register],methods=[POST]}" onto public java.lang.String com.tfkable.karty.security.controllers.SecurityController.registerSave(com.tfkable.karty.security.model.UserDTO4Registration,org.springframework.validation.BindingResult,org.springframework.web.servlet.mvc.support.RedirectAttributes)
2021-01-16 21:29:58,228 INFO org.apache.commons.logging.impl.Jdk14Logger [main] Mapped "{[/login]}" onto public java.lang.String com.tfkable.karty.security.controllers.SecurityController.loginPageDisplay()
2021-01-16 21:29:58,233 INFO org.apache.commons.logging.impl.Jdk14Logger [main] Mapped "{[/error]}" onto public org.springframework.http.ResponseEntity<java.util.Map<java.lang.String, java.lang.Object>> org.springframework.boot.autoconfigure.web.servlet.error.BasicErrorController.error(javax.servlet.http.HttpServletRequest)
2021-01-16 21:29:58,235 INFO org.apache.commons.logging.impl.Jdk14Logger [main] Mapped "{[/error],produces=[text/html]}" onto public org.springframework.web.servlet.ModelAndView org.springframework.boot.autoconfigure.web.servlet.error.BasicErrorController.errorHtml(javax.servlet.http.HttpServletRequest,javax.servlet.http.HttpServletResponse)
2021-01-16 21:29:58,439 INFO org.apache.commons.logging.impl.Jdk14Logger [main] Mapped URL path [/webjars/**] onto handler of type [class org.springframework.web.servlet.resource.ResourceHttpRequestHandler]
2021-01-16 21:29:58,440 INFO org.apache.commons.logging.impl.Jdk14Logger [main] Mapped URL path [/**] onto handler of type [class org.springframework.web.servlet.resource.ResourceHttpRequestHandler]
2021-01-16 21:29:58,842 INFO org.apache.commons.logging.impl.Jdk14Logger [main] Creating filter chain: org.springframework.security.web.util.matcher.AnyRequestMatcher@1, [org.springframework.security.web.context.request.async.WebAsyncManagerIntegrationFilter@38830ea, org.springframework.security.web.context.SecurityContextPersistenceFilter@788ba63e, org.springframework.security.web.header.HeaderWriterFilter@17947e6d, org.springframework.web.filter.CorsFilter@3b705be7, org.springframework.security.web.csrf.CsrfFilter@279dd959, org.springframework.security.web.authentication.logout.LogoutFilter@334ebcaa, org.springframework.security.web.authentication.UsernamePasswordAuthenticationFilter@4b31a708, org.springframework.security.web.session.ConcurrentSessionFilter@4ba02375, org.springframework.security.web.savedrequest.RequestCacheAwareFilter@68ee3b6d, org.springframework.security.web.servletapi.SecurityContextHolderAwareRequestFilter@19a31b9d, org.springframework.security.web.authentication.AnonymousAuthenticationFilter@3a790e40, org.springframework.security.web.session.SessionManagementFilter@521bb1a4, org.springframework.security.web.access.ExceptionTranslationFilter@3c50ad4b, org.springframework.security.web.access.intercept.FilterSecurityInterceptor@5a8816cc]
2021-01-16 21:30:00,222 INFO org.apache.commons.logging.impl.Jdk14Logger [main] Looking for @ControllerAdvice: org.springframework.boot.web.servlet.context.AnnotationConfigServletWebServerApplicationContext@1ff4931d: startup date [Sat Jan 16 21:29:10 CET 2021]; root of context hierarchy
2021-01-16 21:30:01,603 INFO org.apache.commons.logging.impl.Jdk14Logger [main] Registering beans for JMX exposure on startup
2021-01-16 21:30:01,610 INFO org.apache.commons.logging.impl.Jdk14Logger [main] Bean with name 'dataSource' has been autodetected for JMX exposure
2021-01-16 21:30:01,622 INFO org.apache.commons.logging.impl.Jdk14Logger [main] Located MBean 'dataSource': registering with JMX server as MBean [com.zaxxer.hikari:name=dataSource,type=HikariDataSource]
2021-01-16 21:30:02,113 INFO org.apache.commons.logging.impl.Jdk14Logger [main] No TaskScheduler/ScheduledExecutorService bean found for scheduled processing
2021-01-16 21:30:02,168 INFO com.tfkable.karty.services.sap.StatusyAutoSprawdzenieSeriws [pool-1-thread-1] An INFO Message
2021-01-16 21:30:02,168 WARN com.tfkable.karty.services.sap.StatusyAutoSprawdzenieSeriws [pool-1-thread-1] A WARN Message
2021-01-16 21:30:02,168 ERROR com.tfkable.karty.services.sap.StatusyAutoSprawdzenieSeriws [pool-1-thread-1] An ERROR Message
2021-01-16 21:30:02,184 INFO org.apache.juli.logging.DirectJDKLog [main] Starting ProtocolHandler ["http-nio-8075"]
2021-01-16 21:30:02,209 INFO org.apache.juli.logging.DirectJDKLog [main] Using a shared selector for servlet write/read
2021-01-16 21:30:02,517 INFO org.apache.commons.logging.impl.Jdk14Logger [main] Tomcat started on port(s): 8075 (http) with context path ''
2021-01-16 21:30:02,524 INFO org.apache.commons.logging.impl.Jdk14Logger [main] Started ReklamacjeApplication in 54.4 seconds (JVM running for 57.49)
2021-01-16 21:39:46,671 INFO org.apache.commons.logging.impl.Jdk14Logger [RMI TCP Connection(2)-172.16.100.220] Application shutdown requested.
2021-01-16 21:39:46,673 INFO org.apache.commons.logging.impl.Jdk14Logger [RMI TCP Connection(2)-172.16.100.220] Closing org.springframework.boot.web.servlet.context.AnnotationConfigServletWebServerApplicationContext@1ff4931d: startup date [Sat Jan 16 21:29:10 CET 2021]; root of context hierarchy
2021-01-16 21:39:46,713 INFO com.zaxxer.hikari.HikariDataSource [RMI TCP Connection(2)-172.16.100.220] HikariPool-1 - Shutdown initiated...
2021-01-16 21:39:46,738 INFO com.zaxxer.hikari.HikariDataSource [RMI TCP Connection(2)-172.16.100.220] HikariPool-1 - Shutdown completed.
